###############################################################################
#                                                                             #
# IAR C/C++ Compiler V7.51A/W32 for 8051                07/Dec/2011  10:04:35 #
# Copyright 2004-2009 IAR Systems AB.                                         #
#                                                                             #
#    Core               =  plain                                              #
#    Code model         =  banked                                             #
#    Data model         =  large                                              #
#    Calling convention =  xdata reentrant                                    #
#    Constant location  =  data_rom                                           #
#    Dptr setup         =  1,16                                               #
#    Source file        =  E:\³ÌÐò²âÊÔÄ¿Â¼\Ê®ºÍÊ®¶þ_ZStack-CC2530-2.3.0-1.4.0 #
#                          _Á½¸öÊµÑé_×¨ÒµÉÐÑô\Components\hal\target\CC2530EB\ #
#                          hal_uart.c                                         #
#    Command line       =  -f E:\³ÌÐò²âÊÔÄ¿Â¼\Ê®ºÍÊ®¶þ_ZStack-CC2530-2.3.0-1. #
#                          4.0_Á½¸öÊµÑé_×¨ÒµÉÐÑô\Projects\zstack\Samples\Samp #
#                          leApp\CC2530DB\..\..\..\Tools\CC2530DB\f8wCoord.cf #
#                          g (-DCPU32MHZ -DROOT=__near_func                   #
#                          -DMAC_CFG_APP_PENDING_QUEUE=TRUE                   #
#                          -DZDO_COORDINATOR -DRTR_NWK -DBLINK_LEDS) -f       #
#                          E:\³ÌÐò²âÊÔÄ¿Â¼\Ê®ºÍÊ®¶þ_ZStack-CC2530-2.3.0-1.4.0 #
#                          _Á½¸öÊµÑé_×¨ÒµÉÐÑô\Projects\zstack\Samples\SampleA #
#                          pp\CC2530DB\..\..\..\Tools\CC2530DB\f8wConfig.cfg  #
#                          (-DSECURE=0 -DZG_SECURE_DYNAMIC=0 -DREFLECTOR      #
#                          -DDEFAULT_CHANLIST=0x00000800                      #
#                          -DZDAPP_CONFIG_PAN_ID=0xFFFF                       #
#                          -DNWK_START_DELAY=100 -DEXTENDED_JOINING_RANDOM_MA #
#                          SK=0x007F -DBEACON_REQUEST_DELAY=100               #
#                          -DBEACON_REQ_DELAY_MASK=0x00FF                     #
#                          -DROUTE_EXPIRY_TIME=30 -DAPSC_ACK_WAIT_DURATION_PO #
#                          LLED=3000 -DNWK_INDIRECT_MSG_TIMEOUT=7             #
#                          -DMAX_RREQ_ENTRIES=8 -DAPSC_MAX_FRAME_RETRIES=3    #
#                          -DNWK_MAX_DATA_RETRIES=2                           #
#                          -DMAX_POLL_FAILURE_RETRIES=2 -DMAX_BCAST=9         #
#                          -DAPS_MAX_GROUPS=16 -DMAX_RTG_ENTRIES=40           #
#                          -DNWK_MAX_BINDING_ENTRIES=4                        #
#                          -DMAX_BINDING_CLUSTER_IDS=4 "-DDEFAULT_KEY={0x01,  #
#                          0x03, 0x05, 0x07, 0x09, 0x0B, 0x0D, 0x0F, 0x00,    #
#                          0x02, 0x04, 0x06, 0x08, 0x0A, 0x0C, 0x0D}"         #
#                          -DMAC_MAX_FRAME_SIZE=116 "-DCONST=const __code"    #
#                          -DGENERIC=__generic -DRFD_RCVC_ALWAYS_ON=FALSE     #
#                          -DPOLL_RATE=1000 -DQUEUED_POLL_RATE=100            #
#                          -DRESPONSE_POLL_RATE=100) -DREJOIN_POLL_RATE=440   #
#                          E:\³ÌÐò²âÊÔÄ¿Â¼\Ê®ºÍÊ®¶þ_ZStack-CC2530-2.3.0-1.4.0 #
#                          _Á½¸öÊµÑé_×¨ÒµÉÐÑô\Components\hal\target\CC2530EB\ #
#                          hal_uart.c -D BUILD_ALL_DEVICES -D                 #
#                          HOLD_AUTO_START -D LCD_SUPPORTED -D                #
#                          HAL_UART=FALSE -lC E:\³ÌÐò²âÊÔÄ¿Â¼\Ê®ºÍÊ®¶þ_ZStack #
#                          -CC2530-2.3.0-1.4.0_Á½¸öÊµÑé_×¨ÒµÉÐÑô\Projects\zst #
#                          ack\Samples\SampleApp\CC2530DB\DemoEB\List\ -lA    #
#                          E:\³ÌÐò²âÊÔÄ¿Â¼\Ê®ºÍÊ®¶þ_ZStack-CC2530-2.3.0-1.4.0 #
#                          _Á½¸öÊµÑé_×¨ÒµÉÐÑô\Projects\zstack\Samples\SampleA #
#                          pp\CC2530DB\DemoEB\List\ --diag_suppress           #
#                          Pe001,Pa010 -o E:\³ÌÐò²âÊÔÄ¿Â¼\Ê®ºÍÊ®¶þ_ZStack-CC2 #
#                          530-2.3.0-1.4.0_Á½¸öÊµÑé_×¨ÒµÉÐÑô\Projects\zstack\ #
#                          Samples\SampleApp\CC2530DB\DemoEB\Obj\ -e          #
#                          --require_prototypes --debug --core=plain          #
#                          --dptr=16,1 --data_model=large                     #
#                          --code_model=banked --calling_convention=xdata_ree #
#                          ntrant --place_constants=data_rom                  #
#                          --nr_virtual_regs 8 -I E:\³ÌÐò²âÊÔÄ¿Â¼\Ê®ºÍÊ®¶þ_ZS #
#                          tack-CC2530-2.3.0-1.4.0_Á½¸öÊµÑé_×¨ÒµÉÐÑô\Projects #
#                          \zstack\Samples\SampleApp\CC2530DB\ -I             #
#                          E:\³ÌÐò²âÊÔÄ¿Â¼\Ê®ºÍÊ®¶þ_ZStack-CC2530-2.3.0-1.4.0 #
#                          _Á½¸öÊµÑé_×¨ÒµÉÐÑô\Projects\zstack\Samples\SampleA #
#                          pp\CC2530DB\..\SOURCE\ -I                          #
#                          E:\³ÌÐò²âÊÔÄ¿Â¼\Ê®ºÍÊ®¶þ_ZStack-CC2530-2.3.0-1.4.0 #
#                          _Á½¸öÊµÑé_×¨ÒµÉÐÑô\Projects\zstack\Samples\SampleA #
#                          pp\CC2530DB\..\..\..\ZMAIN\TI2530DB\ -I            #
#                          E:\³ÌÐò²âÊÔÄ¿Â¼\Ê®ºÍÊ®¶þ_ZStack-CC2530-2.3.0-1.4.0 #
#                          _Á½¸öÊµÑé_×¨ÒµÉÐÑô\Projects\zstack\Samples\SampleA #
#                          pp\CC2530DB\..\..\..\..\..\COMPONENTS\MT\ -I       #
#                          E:\³ÌÐò²âÊÔÄ¿Â¼\Ê®ºÍÊ®¶þ_ZStack-CC2530-2.3.0-1.4.0 #
#                          _Á½¸öÊµÑé_×¨ÒµÉÐÑô\Projects\zstack\Samples\SampleA #
#                          pp\CC2530DB\..\..\..\..\..\COMPONENTS\HAL\INCLUDE\ #
#                           -I E:\³ÌÐò²âÊÔÄ¿Â¼\Ê®ºÍÊ®¶þ_ZStack-CC2530-2.3.0-1 #
#                          .4.0_Á½¸öÊµÑé_×¨ÒµÉÐÑô\Projects\zstack\Samples\Sam #
#                          pleApp\CC2530DB\..\..\..\..\..\COMPONENTS\HAL\TARG #
#                          ET\CC2530EB\ -I E:\³ÌÐò²âÊÔÄ¿Â¼\Ê®ºÍÊ®¶þ_ZStack-CC #
#                          2530-2.3.0-1.4.0_Á½¸öÊµÑé_×¨ÒµÉÐÑô\Projects\zstack #
#                          \Samples\SampleApp\CC2530DB\..\..\..\..\..\COMPONE #
#                          NTS\OSAL\MCU\CCSOC\ -I E:\³ÌÐò²âÊÔÄ¿Â¼\Ê®ºÍÊ®¶þ_ZS #
#                          tack-CC2530-2.3.0-1.4.0_Á½¸öÊµÑé_×¨ÒµÉÐÑô\Projects #
#                          \zstack\Samples\SampleApp\CC2530DB\..\..\..\..\..\ #
#                          COMPONENTS\OSAL\INCLUDE\ -I                        #
#                          E:\³ÌÐò²âÊÔÄ¿Â¼\Ê®ºÍÊ®¶þ_ZStack-CC2530-2.3.0-1.4.0 #
#                          _Á½¸öÊµÑé_×¨ÒµÉÐÑô\Projects\zstack\Samples\SampleA #
#                          pp\CC2530DB\..\..\..\..\..\COMPONENTS\STACK\AF\    #
#                          -I E:\³ÌÐò²âÊÔÄ¿Â¼\Ê®ºÍÊ®¶þ_ZStack-CC2530-2.3.0-1. #
#                          4.0_Á½¸öÊµÑé_×¨ÒµÉÐÑô\Projects\zstack\Samples\Samp #
#                          leApp\CC2530DB\..\..\..\..\..\COMPONENTS\STACK\NWK #
#                          \ -I E:\³ÌÐò²âÊÔÄ¿Â¼\Ê®ºÍÊ®¶þ_ZStack-CC2530-2.3.0- #
#                          1.4.0_Á½¸öÊµÑé_×¨ÒµÉÐÑô\Projects\zstack\Samples\Sa #
#                          mpleApp\CC2530DB\..\..\..\..\..\COMPONENTS\STACK\S #
#                          EC\ -I E:\³ÌÐò²âÊÔÄ¿Â¼\Ê®ºÍÊ®¶þ_ZStack-CC2530-2.3. #
#                          0-1.4.0_Á½¸öÊµÑé_×¨ÒµÉÐÑô\Projects\zstack\Samples\ #
#                          SampleApp\CC2530DB\..\..\..\..\..\COMPONENTS\STACK #
#                          \SAPI\ -I E:\³ÌÐò²âÊÔÄ¿Â¼\Ê®ºÍÊ®¶þ_ZStack-CC2530-2 #
#                          .3.0-1.4.0_Á½¸öÊµÑé_×¨ÒµÉÐÑô\Projects\zstack\Sampl #
#                          es\SampleApp\CC2530DB\..\..\..\..\..\COMPONENTS\ST #
#                          ACK\SYS\ -I E:\³ÌÐò²âÊÔÄ¿Â¼\Ê®ºÍÊ®¶þ_ZStack-CC2530 #
#                          -2.3.0-1.4.0_Á½¸öÊµÑé_×¨ÒµÉÐÑô\Projects\zstack\Sam #
#                          ples\SampleApp\CC2530DB\..\..\..\..\..\COMPONENTS\ #
#                          STACK\ZDO\ -I E:\³ÌÐò²âÊÔÄ¿Â¼\Ê®ºÍÊ®¶þ_ZStack-CC25 #
#                          30-2.3.0-1.4.0_Á½¸öÊµÑé_×¨ÒµÉÐÑô\Projects\zstack\S #
#                          amples\SampleApp\CC2530DB\..\..\..\..\..\COMPONENT #
#                          S\ZMAC\F8W\ -I E:\³ÌÐò²âÊÔÄ¿Â¼\Ê®ºÍÊ®¶þ_ZStack-CC2 #
#                          530-2.3.0-1.4.0_Á½¸öÊµÑé_×¨ÒµÉÐÑô\Projects\zstack\ #
#                          Samples\SampleApp\CC2530DB\..\..\..\..\..\COMPONEN #
#                          TS\ZMAC\ -I E:\³ÌÐò²âÊÔÄ¿Â¼\Ê®ºÍÊ®¶þ_ZStack-CC2530 #
#                          -2.3.0-1.4.0_Á½¸öÊµÑé_×¨ÒµÉÐÑô\Projects\zstack\Sam #
#                          ples\SampleApp\CC2530DB\..\..\..\..\..\COMPONENTS\ #
#                          SERVICES\SADDR\ -I E:\³ÌÐò²âÊÔÄ¿Â¼\Ê®ºÍÊ®¶þ_ZStack #
#                          -CC2530-2.3.0-1.4.0_Á½¸öÊµÑé_×¨ÒµÉÐÑô\Projects\zst #
#                          ack\Samples\SampleApp\CC2530DB\..\..\..\..\..\COMP #
#                          ONENTS\SERVICES\SDATA\ -I                          #
#                          E:\³ÌÐò²âÊÔÄ¿Â¼\Ê®ºÍÊ®¶þ_ZStack-CC2530-2.3.0-1.4.0 #
#                          _Á½¸öÊµÑé_×¨ÒµÉÐÑô\Projects\zstack\Samples\SampleA #
#                          pp\CC2530DB\..\..\..\..\..\COMPONENTS\MAC\INCLUDE\ #
#                           -I E:\³ÌÐò²âÊÔÄ¿Â¼\Ê®ºÍÊ®¶þ_ZStack-CC2530-2.3.0-1 #
#                          .4.0_Á½¸öÊµÑé_×¨ÒµÉÐÑô\Projects\zstack\Samples\Sam #
#                          pleApp\CC2530DB\..\..\..\..\..\COMPONENTS\MAC\HIGH #
#                          _LEVEL\ -I E:\³ÌÐò²âÊÔÄ¿Â¼\Ê®ºÍÊ®¶þ_ZStack-CC2530- #
#                          2.3.0-1.4.0_Á½¸öÊµÑé_×¨ÒµÉÐÑô\Projects\zstack\Samp #
#                          les\SampleApp\CC2530DB\..\..\..\..\..\COMPONENTS\M #
#                          AC\LOW_LEVEL\srf04\ -I E:\³ÌÐò²âÊÔÄ¿Â¼\Ê®ºÍÊ®¶þ_ZS #
#                          tack-CC2530-2.3.0-1.4.0_Á½¸öÊµÑé_×¨ÒµÉÐÑô\Projects #
#                          \zstack\Samples\SampleApp\CC2530DB\..\..\..\..\..\ #
#                          COMPONENTS\MAC\LOW_LEVEL\srf04\SINGLE_CHIP\ -I     #
#                          "C:\Program Files\IAR Systems\Embedded Workbench   #
#                          5.3 Evaluation version\8051\INC\" -I "C:\Program   #
#                          Files\IAR Systems\Embedded Workbench 5.3           #
#                          Evaluation version\8051\INC\CLIB\" -Ohz            #
#    List file          =  E:\³ÌÐò²âÊÔÄ¿Â¼\Ê®ºÍÊ®¶þ_ZStack-CC2530-2.3.0-1.4.0 #
#                          _Á½¸öÊµÑé_×¨ÒµÉÐÑô\Projects\zstack\Samples\SampleA #
#                          pp\CC2530DB\DemoEB\List\hal_uart.lst               #
#    Object file        =  E:\³ÌÐò²âÊÔÄ¿Â¼\Ê®ºÍÊ®¶þ_ZStack-CC2530-2.3.0-1.4.0 #
#                          _Á½¸öÊµÑé_×¨ÒµÉÐÑô\Projects\zstack\Samples\SampleA #
#                          pp\CC2530DB\DemoEB\Obj\hal_uart.r51                #
#                                                                             #
#                                                                             #
###############################################################################

E:\³ÌÐò²âÊÔÄ¿Â¼\Ê®ºÍÊ®¶þ_ZStack-CC2530-2.3.0-1.4.0_Á½¸öÊµÑé_×¨ÒµÉÐÑô\Components\hal\target\CC2530EB\hal_uart.c
      1          /**************************************************************************************************
      2            Filename:       _hal_uart.c
      3            Revised:        $Date: 2009-03-19 15:13:41 -0700 (Thu, 19 Mar 2009) $
      4            Revision:       $Revision: 19475 $
      5          
      6            Description: This file contains the interface to the H/W UART driver.
      7          
      8          
      9            Copyright 2006-2009 Texas Instruments Incorporated. All rights reserved.
     10          
     11            IMPORTANT: Your use of this Software is limited to those specific rights
     12            granted under the terms of a software license agreement between the user
     13            who downloaded the software, his/her employer (which must be your employer)
     14            and Texas Instruments Incorporated (the "License").  You may not use this
     15            Software unless you agree to abide by the terms of the License. The License
     16            limits your use, and you acknowledge, that the Software may not be modified,
     17            copied or distributed unless embedded on a Texas Instruments microcontroller
     18            or used solely and exclusively in conjunction with a Texas Instruments radio
     19            frequency transceiver, which is integrated into your product.  Other than for
     20            the foregoing purpose, you may not use, reproduce, copy, prepare derivative
     21            works of, modify, distribute, perform, display or sell this Software and/or
     22            its documentation for any purpose.
     23          
     24            YOU FURTHER ACKNOWLEDGE AND AGREE THAT THE SOFTWARE AND DOCUMENTATION ARE
     25            PROVIDED “AS IS” WITHOUT WARRANTY OF ANY KIND, EITHER EXPRESS OR IMPLIED,
     26            INCLUDING WITHOUT LIMITATION, ANY WARRANTY OF MERCHANTABILITY, TITLE,
     27            NON-INFRINGEMENT AND FITNESS FOR A PARTICULAR PURPOSE. IN NO EVENT SHALL
     28            TEXAS INSTRUMENTS OR ITS LICENSORS BE LIABLE OR OBLIGATED UNDER CONTRACT,
     29            NEGLIGENCE, STRICT LIABILITY, CONTRIBUTION, BREACH OF WARRANTY, OR OTHER
     30            LEGAL EQUITABLE THEORY ANY DIRECT OR INDIRECT DAMAGES OR EXPENSES
     31            INCLUDING BUT NOT LIMITED TO ANY INCIDENTAL, SPECIAL, INDIRECT, PUNITIVE
     32            OR CONSEQUENTIAL DAMAGES, LOST PROFITS OR LOST DATA, COST OF PROCUREMENT
     33            OF SUBSTITUTE GOODS, TECHNOLOGY, SERVICES, OR ANY CLAIMS BY THIRD PARTIES
     34            (INCLUDING BUT NOT LIMITED TO ANY DEFENSE THEREOF), OR OTHER SIMILAR COSTS.
     35          
     36            Should you have any questions regarding your right to use this Software,
     37            contact Texas Instruments Incorporated at www.TI.com.
     38          **************************************************************************************************/
     39          
     40          /*********************************************************************
     41           * INCLUDES
     42           */
     43          
     44          #include "hal_board_cfg.h"
     45          #include "hal_defs.h"
     46          #include "hal_types.h"
     47          #include "hal_uart.h"
     48          
     49          /*********************************************************************
     50           * MACROS
     51           */
     52          
     53          /*********************************************************************
     54           * TYPEDEFS
     55           */
     56          
     57          /*********************************************************************
     58           * CONSTANTS
     59           */
     60          
     61          /*********************************************************************
     62           * GLOBAL VARIABLES
     63           */
     64          
     65          /*********************************************************************
     66           * GLOBAL FUNCTIONS
     67           */
     68          
     69          /*********************************************************************
     70           * LOCAL VARIABLES
     71           */
     72          
     73          /*********************************************************************
     74           * LOCAL FUNCTIONS
     75           */
     76          
     77          #if HAL_UART_DMA
     78          #include "_hal_uart_dma.c"
     79          #endif
     80          #if HAL_UART_ISR
     81          #include "_hal_uart_isr.c"
     82          #endif
     83          
     84          /******************************************************************************
     85           * @fn      HalUARTInit
     86           *
     87           * @brief   Initialize the UART
     88           *
     89           * @param   none
     90           *
     91           * @return  none
     92           *****************************************************************************/

   \                                 In  segment BANKED_CODE, align 1, keep-with-next
     93          void HalUARTInit(void)
   \                     HalUARTInit:
     94          {
   \   000000                ; Saved register size: 0
   \   000000                ; Auto size: 0
     95          #if HAL_UART_DMA
     96            HalUARTInitDMA();
     97          #endif
     98          #if HAL_UART_ISR
     99            HalUARTInitISR();
    100          #endif
    101          }
   \   000000   02....       LJMP    ?BRET
    102          
    103          /******************************************************************************
    104           * @fn      HalUARTOpen
    105           *
    106           * @brief   Open a port according tp the configuration specified by parameter.
    107           *
    108           * @param   port   - UART port
    109           *          config - contains configuration information
    110           *
    111           * @return  Status of the function call
    112           *****************************************************************************/

   \                                 In  segment BANKED_CODE, align 1, keep-with-next
    113          uint8 HalUARTOpen(uint8 port, halUARTCfg_t *config)
   \                     HalUARTOpen:
    114          {
   \   000000                ; Saved register size: 0
   \   000000                ; Auto size: 0
    115          #if (HAL_UART_DMA == 1)
    116            if (port == HAL_UART_PORT_0)  HalUARTOpenDMA(config);
    117          #endif
    118          #if (HAL_UART_DMA == 2)
    119            if (port == HAL_UART_PORT_1)  HalUARTOpenDMA(config);
    120          #endif
    121          #if (HAL_UART_ISR == 1)
    122            if (port == HAL_UART_PORT_0)  HalUARTOpenISR(config);
    123          #endif
    124          #if (HAL_UART_ISR == 2)
    125            if (port == HAL_UART_PORT_1)  HalUARTOpenISR(config);
    126          #endif
    127            
    128          #if (HAL_UART_DMA == 0) && (HAL_UART_ISR == 0)
    129            // UART is not enabled. Do nothing.
    130            (void) port;   // unused argument
    131            (void) config; // unused argument
    132          #endif
    133            
    134            return HAL_UART_SUCCESS;
   \   000000   7900         MOV     R1,#0x0
   \   000002   02....       LJMP    ?BRET
    135          }
    136          
    137          /*****************************************************************************
    138           * @fn      HalUARTRead
    139           *
    140           * @brief   Read a buffer from the UART
    141           *
    142           * @param   port - USART module designation
    143           *          buf  - valid data buffer at least 'len' bytes in size
    144           *          len  - max length number of bytes to copy to 'buf'
    145           *
    146           * @return  length of buffer that was read
    147           *****************************************************************************/
    148          uint16 HalUARTRead(uint8 port, uint8 *buf, uint16 len)
   \                     HalUARTRead:
    149          {
   \   000000                ; Saved register size: 0
   \   000000                ; Auto size: 0
    150          #if (HAL_UART_DMA == 1)
    151            if (port == HAL_UART_PORT_0)  return HalUARTReadDMA(buf, len);
    152          #endif
    153          #if (HAL_UART_DMA == 2)
    154            if (port == HAL_UART_PORT_1)  return HalUARTReadDMA(buf, len);
    155          #endif
    156          #if (HAL_UART_ISR == 1)
    157            if (port == HAL_UART_PORT_0)  return HalUARTReadISR(buf, len);
    158          #endif
    159          #if (HAL_UART_ISR == 2)
    160            if (port == HAL_UART_PORT_1)  return HalUARTReadISR(buf, len);
    161          #endif
    162          
    163          #if (HAL_UART_DMA == 0) && (HAL_UART_ISR == 0)
    164            // UART is not enabled. Do nothing.
    165            // Unused arguments
    166            (void) port;
    167            (void) buf;
    168            (void) len;
    169          #endif
    170            return 0;
   \   000000                REQUIRE ?Subroutine0
   \   000000                ; // Fall through to label ?Subroutine0

   \                                 In  segment BANKED_CODE, align 1, keep-with-next
   \                     ?Subroutine0:
   \   000000   7A00         MOV     R2,#0x0
   \   000002   7B00         MOV     R3,#0x0
   \   000004   02....       LJMP    ?BRET
    171          }
    172          
    173          /******************************************************************************
    174           * @fn      HalUARTWrite
    175           *
    176           * @brief   Write a buffer to the UART.
    177           *
    178           * @param   port - UART port
    179           *          buf  - pointer to the buffer that will be written, not freed
    180           *          len  - length of
    181           *
    182           * @return  length of the buffer that was sent
    183           *****************************************************************************/

   \                                 In  segment BANKED_CODE, align 1, keep-with-next
    184          uint16 HalUARTWrite(uint8 port, uint8 *buf, uint16 len)
   \                     HalUARTWrite:
    185          {
   \   000000                ; Saved register size: 0
   \   000000                ; Auto size: 0
    186          #if (HAL_UART_DMA == 1)
    187            if (port == HAL_UART_PORT_0)  return HalUARTWriteDMA(buf, len);
    188          #endif
    189          #if (HAL_UART_DMA == 2)
    190            if (port == HAL_UART_PORT_1)  return HalUARTWriteDMA(buf, len);
    191          #endif
    192          #if (HAL_UART_ISR == 1)
    193            if (port == HAL_UART_PORT_0)  return HalUARTWriteISR(buf, len);
    194          #endif
    195          #if (HAL_UART_ISR == 2)
    196            if (port == HAL_UART_PORT_1)  return HalUARTWriteISR(buf, len);
    197          #endif
    198          
    199          #if (HAL_UART_DMA == 0) && (HAL_UART_ISR == 0)
    200            // UART is not enabled. Do nothing.
    201            // Unused arguments
    202            (void) port;
    203            (void) buf;
    204            (void) len;
    205          #endif
    206            return 0;
   \   000000   80..         SJMP    ?Subroutine0
    207          }
    208          
    209          /******************************************************************************
    210           * @fn      HalUARTSuspend
    211           *
    212           * @brief   Suspend UART hardware before entering PM mode 1, 2 or 3.
    213           *
    214           * @param   None
    215           *
    216           * @return  None
    217           *****************************************************************************/

   \                                 In  segment BANKED_CODE, align 1, keep-with-next
    218          void HalUARTSuspend( void )
   \                     HalUARTSuspend:
    219          {
   \   000000                ; Saved register size: 0
   \   000000                ; Auto size: 0
    220          #if HAL_UART_DMA
    221            HalUARTSuspendDMA();
    222          #endif
    223          #if HAL_UART_ISR
    224            HalUARTSuspendISR();
    225          #endif
    226          }
   \   000000   02....       LJMP    ?BRET
    227          
    228          /******************************************************************************
    229           * @fn      HalUARTResume
    230           *
    231           * @brief   Resume UART hardware after exiting PM mode 1, 2 or 3.
    232           *
    233           * @param   None
    234           *
    235           * @return  None
    236           *****************************************************************************/

   \                                 In  segment BANKED_CODE, align 1, keep-with-next
    237          void HalUARTResume( void )
   \                     HalUARTResume:
    238          {
   \   000000                ; Saved register size: 0
   \   000000                ; Auto size: 0
    239          #if HAL_UART_DMA
    240            HalUARTResumeDMA();
    241          #endif
    242          #if HAL_UART_ISR
    243            HalUARTResumeISR();
    244          #endif
    245          }
   \   000000   02....       LJMP    ?BRET
    246          
    247          /***************************************************************************************************
    248           * @fn      HalUARTPoll
    249           *
    250           * @brief   Poll the UART.
    251           *
    252           * @param   none
    253           *
    254           * @return  none
    255           *****************************************************************************/

   \                                 In  segment BANKED_CODE, align 1, keep-with-next
    256          void HalUARTPoll(void)
   \                     HalUARTPoll:
    257          {
   \   000000                ; Saved register size: 0
   \   000000                ; Auto size: 0
    258          #if HAL_UART_DMA
    259            HalUARTPollDMA();
    260          #endif
    261          #if HAL_UART_ISR
    262            HalUARTPollISR();
    263          #endif
    264          }
   \   000000   02....       LJMP    ?BRET
    265          
    266          /**************************************************************************************************
    267           * @fn      Hal_UART_RxBufLen()
    268           *
    269           * @brief   Calculate Rx Buffer length - the number of bytes in the buffer.
    270           *
    271           * @param   port - UART port
    272           *
    273           * @return  length of current Rx Buffer
    274           **************************************************************************************************/

   \                                 In  segment BANKED_CODE, align 1, keep-with-next
    275          uint16 Hal_UART_RxBufLen( uint8 port )
   \                     Hal_UART_RxBufLen:
    276          {
   \   000000                ; Saved register size: 0
   \   000000                ; Auto size: 0
    277          #if (HAL_UART_DMA == 1)
    278            if (port == HAL_UART_PORT_0)  return HalUARTRxAvailDMA();
    279          #endif
    280          #if (HAL_UART_DMA == 2)
    281            if (port == HAL_UART_PORT_1)  return HalUARTRxAvailDMA();
    282          #endif
    283          #if (HAL_UART_ISR == 1)
    284            if (port == HAL_UART_PORT_0)  return HalUARTRxAvailISR();
    285          #endif
    286          #if (HAL_UART_ISR == 2)
    287            if (port == HAL_UART_PORT_1)  return HalUARTRxAvailISR();
    288          #endif
    289          
    290          #if (HAL_UART_DMA == 0) && (HAL_UART_ISR == 0)
    291            // UART is not enabled. Do nothing.
    292            // Unused argument
    293            (void) port;
    294          #endif
    295            return 0;
   \   000000   80..         SJMP    ?Subroutine0
    296          }

   \                                 In  segment BANK_RELAYS, align 1
   \                     ??HalUARTInit?relay:
   \   000000   12....       LCALL   ?BDISPATCH
   \   000003   ......       DC24    HalUARTInit

   \                                 In  segment BANK_RELAYS, align 1
   \                     ??HalUARTOpen?relay:
   \   000000   12....       LCALL   ?BDISPATCH
   \   000003   ......       DC24    HalUARTOpen

   \                                 In  segment BANK_RELAYS, align 1
   \                     ??HalUARTRead?relay:
   \   000000   12....       LCALL   ?BDISPATCH
   \   000003   ......       DC24    HalUARTRead

   \                                 In  segment BANK_RELAYS, align 1
   \                     ??HalUARTWrite?relay:
   \   000000   12....       LCALL   ?BDISPATCH
   \   000003   ......       DC24    HalUARTWrite

   \                                 In  segment BANK_RELAYS, align 1
   \                     ??HalUARTSuspend?relay:
   \   000000   12....       LCALL   ?BDISPATCH
   \   000003   ......       DC24    HalUARTSuspend

   \                                 In  segment BANK_RELAYS, align 1
   \                     ??HalUARTResume?relay:
   \   000000   12....       LCALL   ?BDISPATCH
   \   000003   ......       DC24    HalUARTResume

   \                                 In  segment BANK_RELAYS, align 1
   \                     ??HalUARTPoll?relay:
   \   000000   12....       LCALL   ?BDISPATCH
   \   000003   ......       DC24    HalUARTPoll

   \                                 In  segment BANK_RELAYS, align 1
   \                     ??Hal_UART_RxBufLen?relay:
   \   000000   12....       LCALL   ?BDISPATCH
   \   000003   ......       DC24    Hal_UART_RxBufLen
    297          
    298          /******************************************************************************
    299          ******************************************************************************/

   Maximum stack usage in bytes:

     Function          ISTACK PSTACK XSTACK
     --------          ------ ------ ------
     HalUARTInit           0      0      0
     HalUARTOpen           0      0      0
     HalUARTPoll           0      0      0
     HalUARTRead           0      0      0
     HalUARTResume         0      0      0
     HalUARTSuspend        0      0      0
     HalUARTWrite          0      0      0
     Hal_UART_RxBufLen     0      0      0


   Segment part sizes:

     Function/Label            Bytes
     --------------            -----
     HalUARTInit                  3
     HalUARTOpen                  5
     HalUARTRead                  0
     ?Subroutine0                 7
     HalUARTWrite                 2
     HalUARTSuspend               3
     HalUARTResume                3
     HalUARTPoll                  3
     Hal_UART_RxBufLen            2
     ??HalUARTInit?relay          6
     ??HalUARTOpen?relay          6
     ??HalUARTRead?relay          6
     ??HalUARTWrite?relay         6
     ??HalUARTSuspend?relay       6
     ??HalUARTResume?relay        6
     ??HalUARTPoll?relay          6
     ??Hal_UART_RxBufLen?relay    6

 
 28 bytes in segment BANKED_CODE
 48 bytes in segment BANK_RELAYS
 
 76 bytes of CODE memory

Errors: none
Warnings: none
