###############################################################################
#                                                                             #
# IAR C/C++ Compiler V7.51A/W32 for 8051                27/Dec/2011  16:49:58 #
# Copyright 2004-2009 IAR Systems AB.                                         #
#                                                                             #
#    Core               =  plain                                              #
#    Code model         =  banked                                             #
#    Data model         =  large                                              #
#    Calling convention =  xdata reentrant                                    #
#    Constant location  =  data_rom                                           #
#    Dptr setup         =  1,16                                               #
#    Source file        =  E:\12ÔÂ20ºÅºóÈÎÎñ\fc\zigbee\ÎÞÏß×Ô×éÍøÊµÑé\Project #
#                          s\zstack\Samples\SampleApp\Source\SampleApp.c      #
#    Command line       =  -f E:\12ÔÂ20ºÅºóÈÎÎñ\fc\zigbee\ÎÞÏß×Ô×éÍøÊµÑé\Proj #
#                          ects\zstack\Samples\SampleApp\CC2530DB\..\..\..\To #
#                          ols\CC2530DB\f8wEndev.cfg (-DCPU32MHZ              #
#                          -DROOT=__near_func -DBLINK_LEDS) -f                #
#                          E:\12ÔÂ20ºÅºóÈÎÎñ\fc\zigbee\ÎÞÏß×Ô×éÍøÊµÑé\Project #
#                          s\zstack\Samples\SampleApp\CC2530DB\..\..\..\Tools #
#                          \CC2530DB\f8wConfig.cfg (-DSECURE=0                #
#                          -DZG_SECURE_DYNAMIC=0 -DREFLECTOR                  #
#                          -DDEFAULT_CHANLIST=0x00000800                      #
#                          -DZDAPP_CONFIG_PAN_ID=0x0011                       #
#                          -DNWK_START_DELAY=100 -DEXTENDED_JOINING_RANDOM_MA #
#                          SK=0x007F -DBEACON_REQUEST_DELAY=100               #
#                          -DBEACON_REQ_DELAY_MASK=0x00FF                     #
#                          -DROUTE_EXPIRY_TIME=30 -DAPSC_ACK_WAIT_DURATION_PO #
#                          LLED=3000 -DNWK_INDIRECT_MSG_TIMEOUT=7             #
#                          -DMAX_RREQ_ENTRIES=8 -DAPSC_MAX_FRAME_RETRIES=3    #
#                          -DNWK_MAX_DATA_RETRIES=2                           #
#                          -DMAX_POLL_FAILURE_RETRIES=2 -DMAX_BCAST=9         #
#                          -DAPS_MAX_GROUPS=16 -DMAX_RTG_ENTRIES=40           #
#                          -DNWK_MAX_BINDING_ENTRIES=4                        #
#                          -DMAX_BINDING_CLUSTER_IDS=4 "-DDEFAULT_KEY={0x01,  #
#                          0x03, 0x05, 0x07, 0x09, 0x0B, 0x0D, 0x0F, 0x00,    #
#                          0x02, 0x04, 0x06, 0x08, 0x0A, 0x0C, 0x0D}"         #
#                          -DMAC_MAX_FRAME_SIZE=116 "-DCONST=const __code"    #
#                          -DGENERIC=__generic -DRFD_RCVC_ALWAYS_ON=FALSE     #
#                          -DPOLL_RATE=1000 -DQUEUED_POLL_RATE=100            #
#                          -DRESPONSE_POLL_RATE=100) -DREJOIN_POLL_RATE=440   #
#                          E:\12ÔÂ20ºÅºóÈÎÎñ\fc\zigbee\ÎÞÏß×Ô×éÍøÊµÑé\Project #
#                          s\zstack\Samples\SampleApp\Source\SampleApp.c -D   #
#                          NWK_AUTO_POLL -D ZAPP_P1 -D MT_TASK -D             #
#                          MT_SYS_FUNC -D MT_ZDO_FUNC -D                      #
#                          xLCD_SUPPORTED=DEBUG -lC                           #
#                          E:\12ÔÂ20ºÅºóÈÎÎñ\fc\zigbee\ÎÞÏß×Ô×éÍøÊµÑé\Project #
#                          s\zstack\Samples\SampleApp\CC2530DB\EndDeviceEB\Li #
#                          st\ -lA E:\12ÔÂ20ºÅºóÈÎÎñ\fc\zigbee\ÎÞÏß×Ô×éÍøÊµÑé #
#                          \Projects\zstack\Samples\SampleApp\CC2530DB\EndDev #
#                          iceEB\List\ --diag_suppress Pe001,Pa010 -o         #
#                          E:\12ÔÂ20ºÅºóÈÎÎñ\fc\zigbee\ÎÞÏß×Ô×éÍøÊµÑé\Project #
#                          s\zstack\Samples\SampleApp\CC2530DB\EndDeviceEB\Ob #
#                          j\ -e --require_prototypes --debug --core=plain    #
#                          --dptr=16,1 --data_model=large                     #
#                          --code_model=banked --calling_convention=xdata_ree #
#                          ntrant --place_constants=data_rom                  #
#                          --nr_virtual_regs 8 -I E:\12ÔÂ20ºÅºóÈÎÎñ\fc\zigbee #
#                          \ÎÞÏß×Ô×éÍøÊµÑé\Projects\zstack\Samples\SampleApp\ #
#                          CC2530DB\ -I E:\12ÔÂ20ºÅºóÈÎÎñ\fc\zigbee\ÎÞÏß×Ô×éÍ #
#                          øÊµÑé\Projects\zstack\Samples\SampleApp\CC2530DB\. #
#                          .\SOURCE\ -I E:\12ÔÂ20ºÅºóÈÎÎñ\fc\zigbee\ÎÞÏß×Ô×éÍ #
#                          øÊµÑé\Projects\zstack\Samples\SampleApp\CC2530DB\. #
#                          .\..\..\ZMAIN\TI2530DB\ -I                         #
#                          E:\12ÔÂ20ºÅºóÈÎÎñ\fc\zigbee\ÎÞÏß×Ô×éÍøÊµÑé\Project #
#                          s\zstack\Samples\SampleApp\CC2530DB\..\..\..\..\.. #
#                          \COMPONENTS\MT\ -I E:\12ÔÂ20ºÅºóÈÎÎñ\fc\zigbee\ÎÞÏ #
#                          ß×Ô×éÍøÊµÑé\Projects\zstack\Samples\SampleApp\CC25 #
#                          30DB\..\..\..\..\..\COMPONENTS\HAL\INCLUDE\ -I     #
#                          E:\12ÔÂ20ºÅºóÈÎÎñ\fc\zigbee\ÎÞÏß×Ô×éÍøÊµÑé\Project #
#                          s\zstack\Samples\SampleApp\CC2530DB\..\..\..\..\.. #
#                          \COMPONENTS\HAL\TARGET\CC2530EB\ -I                #
#                          E:\12ÔÂ20ºÅºóÈÎÎñ\fc\zigbee\ÎÞÏß×Ô×éÍøÊµÑé\Project #
#                          s\zstack\Samples\SampleApp\CC2530DB\..\..\..\..\.. #
#                          \COMPONENTS\OSAL\MCU\CCSOC\ -I                     #
#                          E:\12ÔÂ20ºÅºóÈÎÎñ\fc\zigbee\ÎÞÏß×Ô×éÍøÊµÑé\Project #
#                          s\zstack\Samples\SampleApp\CC2530DB\..\..\..\..\.. #
#                          \COMPONENTS\OSAL\INCLUDE\ -I                       #
#                          E:\12ÔÂ20ºÅºóÈÎÎñ\fc\zigbee\ÎÞÏß×Ô×éÍøÊµÑé\Project #
#                          s\zstack\Samples\SampleApp\CC2530DB\..\..\..\..\.. #
#                          \COMPONENTS\STACK\AF\ -I                           #
#                          E:\12ÔÂ20ºÅºóÈÎÎñ\fc\zigbee\ÎÞÏß×Ô×éÍøÊµÑé\Project #
#                          s\zstack\Samples\SampleApp\CC2530DB\..\..\..\..\.. #
#                          \COMPONENTS\STACK\NWK\ -I                          #
#                          E:\12ÔÂ20ºÅºóÈÎÎñ\fc\zigbee\ÎÞÏß×Ô×éÍøÊµÑé\Project #
#                          s\zstack\Samples\SampleApp\CC2530DB\..\..\..\..\.. #
#                          \COMPONENTS\STACK\SEC\ -I                          #
#                          E:\12ÔÂ20ºÅºóÈÎÎñ\fc\zigbee\ÎÞÏß×Ô×éÍøÊµÑé\Project #
#                          s\zstack\Samples\SampleApp\CC2530DB\..\..\..\..\.. #
#                          \COMPONENTS\STACK\SAPI\ -I                         #
#                          E:\12ÔÂ20ºÅºóÈÎÎñ\fc\zigbee\ÎÞÏß×Ô×éÍøÊµÑé\Project #
#                          s\zstack\Samples\SampleApp\CC2530DB\..\..\..\..\.. #
#                          \COMPONENTS\STACK\SYS\ -I                          #
#                          E:\12ÔÂ20ºÅºóÈÎÎñ\fc\zigbee\ÎÞÏß×Ô×éÍøÊµÑé\Project #
#                          s\zstack\Samples\SampleApp\CC2530DB\..\..\..\..\.. #
#                          \COMPONENTS\STACK\ZDO\ -I                          #
#                          E:\12ÔÂ20ºÅºóÈÎÎñ\fc\zigbee\ÎÞÏß×Ô×éÍøÊµÑé\Project #
#                          s\zstack\Samples\SampleApp\CC2530DB\..\..\..\..\.. #
#                          \COMPONENTS\ZMAC\F8W\ -I                           #
#                          E:\12ÔÂ20ºÅºóÈÎÎñ\fc\zigbee\ÎÞÏß×Ô×éÍøÊµÑé\Project #
#                          s\zstack\Samples\SampleApp\CC2530DB\..\..\..\..\.. #
#                          \COMPONENTS\ZMAC\ -I E:\12ÔÂ20ºÅºóÈÎÎñ\fc\zigbee\Î #
#                          ÞÏß×Ô×éÍøÊµÑé\Projects\zstack\Samples\SampleApp\CC #
#                          2530DB\..\..\..\..\..\COMPONENTS\SERVICES\SADDR\   #
#                          -I E:\12ÔÂ20ºÅºóÈÎÎñ\fc\zigbee\ÎÞÏß×Ô×éÍøÊµÑé\Proj #
#                          ects\zstack\Samples\SampleApp\CC2530DB\..\..\..\.. #
#                          \..\COMPONENTS\SERVICES\SDATA\ -I                  #
#                          E:\12ÔÂ20ºÅºóÈÎÎñ\fc\zigbee\ÎÞÏß×Ô×éÍøÊµÑé\Project #
#                          s\zstack\Samples\SampleApp\CC2530DB\..\..\..\..\.. #
#                          \COMPONENTS\MAC\INCLUDE\ -I                        #
#                          E:\12ÔÂ20ºÅºóÈÎÎñ\fc\zigbee\ÎÞÏß×Ô×éÍøÊµÑé\Project #
#                          s\zstack\Samples\SampleApp\CC2530DB\..\..\..\..\.. #
#                          \COMPONENTS\MAC\HIGH_LEVEL\ -I                     #
#                          E:\12ÔÂ20ºÅºóÈÎÎñ\fc\zigbee\ÎÞÏß×Ô×éÍøÊµÑé\Project #
#                          s\zstack\Samples\SampleApp\CC2530DB\..\..\..\..\.. #
#                          \COMPONENTS\MAC\LOW_LEVEL\srf04\ -I                #
#                          E:\12ÔÂ20ºÅºóÈÎÎñ\fc\zigbee\ÎÞÏß×Ô×éÍøÊµÑé\Project #
#                          s\zstack\Samples\SampleApp\CC2530DB\..\..\..\..\.. #
#                          \COMPONENTS\MAC\LOW_LEVEL\srf04\SINGLE_CHIP\ -I    #
#                          "C:\Program Files\IAR Systems\Embedded Workbench   #
#                          5.3 Evaluation version\8051\INC\" -I "C:\Program   #
#                          Files\IAR Systems\Embedded Workbench 5.3           #
#                          Evaluation version\8051\INC\CLIB\" -Ohz            #
#    List file          =  E:\12ÔÂ20ºÅºóÈÎÎñ\fc\zigbee\ÎÞÏß×Ô×éÍøÊµÑé\Project #
#                          s\zstack\Samples\SampleApp\CC2530DB\EndDeviceEB\Li #
#                          st\SampleApp.lst                                   #
#    Object file        =  E:\12ÔÂ20ºÅºóÈÎÎñ\fc\zigbee\ÎÞÏß×Ô×éÍøÊµÑé\Project #
#                          s\zstack\Samples\SampleApp\CC2530DB\EndDeviceEB\Ob #
#                          j\SampleApp.r51                                    #
#                                                                             #
#                                                                             #
###############################################################################

E:\12ÔÂ20ºÅºóÈÎÎñ\fc\zigbee\ÎÞÏß×Ô×éÍøÊµÑé\Projects\zstack\Samples\SampleApp\Source\SampleApp.c
      1          /**************************************************************************************************
      2            Filename:       SampleApp.c
      3            Revised:        $Date: 2009-03-18 15:56:27 -0700 (Wed, 18 Mar 2009) $
      4            Revision:       $Revision: 19453 $
      5          
      6            Description:    Sample Application (no Profile).
      7          
      8          
      9            Copyright 2007 Texas Instruments Incorporated. All rights reserved.
     10          
     11            IMPORTANT: Your use of this Software is limited to those specific rights
     12            granted under the terms of a software license agreement between the user
     13            who downloaded the software, his/her employer (which must be your employer)
     14            and Texas Instruments Incorporated (the "License").  You may not use this
     15            Software unless you agree to abide by the terms of the License. The License
     16            limits your use, and you acknowledge, that the Software may not be modified,
     17            copied or distributed unless embedded on a Texas Instruments microcontroller
     18            or used solely and exclusively in conjunction with a Texas Instruments radio
     19            frequency transceiver, which is integrated into your product.  Other than for
     20            the foregoing purpose, you may not use, reproduce, copy, prepare derivative
     21            works of, modify, distribute, perform, display or sell this Software and/or
     22            its documentation for any purpose.
     23          
     24            YOU FURTHER ACKNOWLEDGE AND AGREE THAT THE SOFTWARE AND DOCUMENTATION ARE
     25            PROVIDED “AS IS?WITHOUT WARRANTY OF ANY KIND, EITHER EXPRESS OR IMPLIED,
     26            INCLUDING WITHOUT LIMITATION, ANY WARRANTY OF MERCHANTABILITY, TITLE,
     27            NON-INFRINGEMENT AND FITNESS FOR A PARTICULAR PURPOSE. IN NO EVENT SHALL
     28            TEXAS INSTRUMENTS OR ITS LICENSORS BE LIABLE OR OBLIGATED UNDER CONTRACT,
     29            NEGLIGENCE, STRICT LIABILITY, CONTRIBUTION, BREACH OF WARRANTY, OR OTHER
     30            LEGAL EQUITABLE THEORY ANY DIRECT OR INDIRECT DAMAGES OR EXPENSES
     31            INCLUDING BUT NOT LIMITED TO ANY INCIDENTAL, SPECIAL, INDIRECT, PUNITIVE
     32            OR CONSEQUENTIAL DAMAGES, LOST PROFITS OR LOST DATA, COST OF PROCUREMENT
     33            OF SUBSTITUTE GOODS, TECHNOLOGY, SERVICES, OR ANY CLAIMS BY THIRD PARTIES
     34            (INCLUDING BUT NOT LIMITED TO ANY DEFENSE THEREOF), OR OTHER SIMILAR COSTS.
     35          
     36            Should you have any questions regarding your right to use this Software,
     37            contact Texas Instruments Incorporated at www.TI.com.
     38          **************************************************************************************************/
     39          
     40          /*********************************************************************
     41            This application isn't intended to do anything useful, it is
     42            intended to be a simple example of an application's structure.
     43          
     44            This application sends it's messages either as broadcast or
     45            broadcast filtered group messages.  The other (more normal)
     46            message addressing is unicast.  Most of the other sample
     47            applications are written to support the unicast message model.
     48          
     49            Key control:
     50              SW1:  Sends a flash command to all devices in Group 1.
     51              SW2:  Adds/Removes (toggles) this device in and out
     52                    of Group 1.  This will enable and disable the
     53                    reception of the flash command.
     54          *********************************************************************/
     55          
     56          /*********************************************************************
     57           * INCLUDES
     58           */
     59          #include <stdio.h>
     60          #include <string.h>
     61          #include "OSAL.h"
     62          #include "ZGlobals.h"
     63          #include "AF.h"
     64          #include "aps_groups.h"
     65          #include "ZDApp.h"
     66          #include "MT_UART.h"   //add by 1305106
     67          
     68          #include "SampleApp.h"
     69          #include "SampleAppHw.h"
     70          
     71          #include "OnBoard.h"
     72          
     73          /* HAL */
     74          #include "hal_lcd.h"
     75          #include "hal_led.h"
     76          #include "hal_key.h"
     77          
     78          /*********************************************************************
     79           * MACROS
     80           */
     81          
     82          /*********************************************************************
     83           * CONSTANTS
     84           */
     85          
     86          /*********************************************************************
     87           * TYPEDEFS
     88           */
     89          
     90          /*********************************************************************
     91           * GLOBAL VARIABLES
     92           */
     93          
     94          // This list should be filled with Application specific Cluster IDs.

   \                                 In  segment XDATA_ROM_C, align 1
     95          const cId_t SampleApp_ClusterList[SAMPLEAPP_MAX_CLUSTERS] =
   \                     SampleApp_ClusterList:
   \   000000   01000200     DW 1, 2
     96          {
     97            SAMPLEAPP_PERIODIC_CLUSTERID,
     98            SAMPLEAPP_FLASH_CLUSTERID,
     99          };
    100          

   \                                 In  segment XDATA_ROM_C, align 1
    101          const SimpleDescriptionFormat_t SampleApp_SimpleDesc =
   \                     SampleApp_SimpleDesc:
   \   000000   14           DB 20
   \   000001   080F0100     DW 3848, 1
   \   000005   0002         DB 0, 2
   \   000007   ....         DW SampleApp_ClusterList
   \   000009   02           DB 2
   \   00000A   ....         DW SampleApp_ClusterList
    102          {
    103            SAMPLEAPP_ENDPOINT,              //  int Endpoint;
    104            SAMPLEAPP_PROFID,                //  uint16 AppProfId[2];
    105            SAMPLEAPP_DEVICEID,              //  uint16 AppDeviceId[2];
    106            SAMPLEAPP_DEVICE_VERSION,        //  int   AppDevVer:4;
    107            SAMPLEAPP_FLAGS,                 //  int   AppFlags:4;
    108            SAMPLEAPP_MAX_CLUSTERS,          //  uint8  AppNumInClusters;
    109            (cId_t *)SampleApp_ClusterList,  //  uint8 *pAppInClusterList;
    110            SAMPLEAPP_MAX_CLUSTERS,          //  uint8  AppNumInClusters;
    111            (cId_t *)SampleApp_ClusterList   //  uint8 *pAppInClusterList;
    112          };
    113          
    114          // This is the Endpoint/Interface description.  It is defined here, but
    115          // filled-in in SampleApp_Init().  Another way to go would be to fill
    116          // in the structure here and make it a "const" (in code space).  The
    117          // way it's defined in this sample app it is define in RAM.

   \                                 In  segment XDATA_Z, align 1, keep-with-next
    118          endPointDesc_t SampleApp_epDesc;
   \                     SampleApp_epDesc:
   \   000000                DS 6
   \   000006                REQUIRE __INIT_XDATA_Z
    119          
    120          /*********************************************************************
    121           * EXTERNAL VARIABLES
    122           */
    123          
    124          /*********************************************************************
    125           * EXTERNAL FUNCTIONS
    126           */
    127          
    128          /*********************************************************************
    129           * LOCAL VARIABLES
    130           */

   \                                 In  segment XDATA_Z, align 1, keep-with-next
    131          uint8 SampleApp_TaskID;   // Task ID for internal task/event processing
   \                     SampleApp_TaskID:
   \   000000                DS 1
   \   000001                REQUIRE __INIT_XDATA_Z
    132                                    // This variable will be received when
    133                                    // SampleApp_Init() is called.

   \                                 In  segment XDATA_Z, align 1, keep-with-next
    134          devStates_t SampleApp_NwkState;
   \                     SampleApp_NwkState:
   \   000000                DS 1
   \   000001                REQUIRE __INIT_XDATA_Z
    135          

   \                                 In  segment XDATA_Z, align 1, keep-with-next
    136          uint8 SampleApp_TransID;  // This is the unique message ID (counter)
   \                     SampleApp_TransID:
   \   000000                DS 1
   \   000001                REQUIRE __INIT_XDATA_Z
    137          

   \                                 In  segment XDATA_Z, align 1, keep-with-next
    138          afAddrType_t SampleApp_Periodic_DstAddr;
   \                     SampleApp_Periodic_DstAddr:
   \   000000                DS 12
   \   00000C                REQUIRE __INIT_XDATA_Z

   \                                 In  segment XDATA_Z, align 1, keep-with-next
    139          afAddrType_t SampleApp_Flash_DstAddr;
   \                     SampleApp_Flash_DstAddr:
   \   000000                DS 12
   \   00000C                REQUIRE __INIT_XDATA_Z
    140          

   \                                 In  segment XDATA_Z, align 1, keep-with-next
    141          aps_Group_t SampleApp_Group;
   \                     SampleApp_Group:
   \   000000                DS 18
   \   000012                REQUIRE __INIT_XDATA_Z
    142          

   \                                 In  segment XDATA_Z, align 1, keep-with-next
    143          uint8 SampleAppPeriodicCounter = 0;
   \                     SampleAppPeriodicCounter:
   \   000000                DS 1
   \   000001                REQUIRE __INIT_XDATA_Z

   \                                 In  segment XDATA_Z, align 1, keep-with-next
    144          uint8 SampleAppFlashCounter = 0;
   \                     SampleAppFlashCounter:
   \   000000                DS 1
   \   000001                REQUIRE __INIT_XDATA_Z
    145          
    146          /*********************************************************************
    147           * LOCAL FUNCTIONS
    148           */
    149          void SampleApp_HandleKeys( uint8 shift, uint8 keys );
    150          void SampleApp_MessageMSGCB( afIncomingMSGPacket_t *pckt );
    151          void SampleApp_SendPeriodicMessage( void );
    152          void SampleApp_SendFlashMessage( uint16 flashTime );
    153          
    154          /*********************************************************************
    155           * NETWORK LAYER CALLBACKS
    156           */
    157          
    158          /*********************************************************************
    159           * PUBLIC FUNCTIONS
    160           */
    161          
    162          /*********************************************************************
    163           * @fn      SampleApp_Init
    164           *
    165           * @brief   Initialization function for the Generic App Task.
    166           *          This is called during initialization and should contain
    167           *          any application specific initialization (ie. hardware
    168           *          initialization/setup, table initialization, power up
    169           *          notificaiton ... ).
    170           *
    171           * @param   task_id - the ID assigned by OSAL.  This ID should be
    172           *                    used to send messages and set timers.
    173           *
    174           * @return  none
    175           */

   \                                 In  segment BANKED_CODE, align 1, keep-with-next
    176          void SampleApp_Init( uint8 task_id )
   \                     SampleApp_Init:
    177          {
   \   000000   74F5         MOV     A,#-0xb
   \   000002   12....       LCALL   ?BANKED_ENTER_XDATA
   \   000005                ; Saved register size: 11
   \   000005                ; Auto size: 0
    178              SampleApp_TaskID = task_id;
   \   000005   E9           MOV     A,R1
   \   000006   90....       MOV     DPTR,#SampleApp_TaskID
   \   000009   F0           MOVX    @DPTR,A
    179              SampleApp_NwkState = DEV_INIT;
   \   00000A   7401         MOV     A,#0x1
   \   00000C   90....       MOV     DPTR,#SampleApp_NwkState
   \   00000F   F0           MOVX    @DPTR,A
    180              SampleApp_TransID = 0;
   \   000010   E4           CLR     A
   \   000011   90....       MOV     DPTR,#SampleApp_TransID
   \   000014   F0           MOVX    @DPTR,A
    181            
    182              // Device hardware initialization can be added here or in main() (Zmain.c).
    183              // If the hardware is application specific - add it here.
    184              // If the hardware is other parts of the device add it in main().
    185            
    186             #if defined ( BUILD_ALL_DEVICES )
    187              // The "Demo" target is setup to have BUILD_ALL_DEVICES and HOLD_AUTO_START
    188              // We are looking at a jumper (defined in SampleAppHw.c) to be jumpered
    189              // together - if they are - we will start up a coordinator. Otherwise,
    190              // the device will start as a router.
    191              if ( readCoordinatorJumper() )
    192                zgDeviceLogicalType = ZG_DEVICETYPE_COORDINATOR;
    193              else
    194                zgDeviceLogicalType = ZG_DEVICETYPE_ROUTER;
    195            #endif // BUILD_ALL_DEVICES
    196            
    197            #if defined ( HOLD_AUTO_START )
    198              // HOLD_AUTO_START is a compile option that will surpress ZDApp
    199              //  from starting the device and wait for the application to
    200              //  start the device.
    201              ZDOInitDevice(0);
    202            #endif
    203            
    204              // Setup for the periodic message's destination address
    205              // Broadcast to everyone
    206              SampleApp_Periodic_DstAddr.addrMode = (afAddrMode_t)AddrBroadcast;
   \   000015   740F         MOV     A,#0xf
   \   000017   90....       MOV     DPTR,#(SampleApp_Periodic_DstAddr + 8)
   \   00001A   F0           MOVX    @DPTR,A
    207              SampleApp_Periodic_DstAddr.endPoint = SAMPLEAPP_ENDPOINT;
   \   00001B   7414         MOV     A,#0x14
   \   00001D   90....       MOV     DPTR,#(SampleApp_Periodic_DstAddr + 9)
   \   000020   F0           MOVX    @DPTR,A
    208              SampleApp_Periodic_DstAddr.addr.shortAddr = 0xFFFF;
   \   000021   90....       MOV     DPTR,#SampleApp_Periodic_DstAddr
   \   000024   74FF         MOV     A,#-0x1
   \   000026   F0           MOVX    @DPTR,A
   \   000027   A3           INC     DPTR
   \   000028   F0           MOVX    @DPTR,A
    209            
    210              // Setup for the flash command's destination address - Group 1
    211              SampleApp_Flash_DstAddr.addrMode = (afAddrMode_t)afAddrGroup;
   \   000029   7401         MOV     A,#0x1
   \   00002B   90....       MOV     DPTR,#(SampleApp_Flash_DstAddr + 8)
   \   00002E   F0           MOVX    @DPTR,A
    212              SampleApp_Flash_DstAddr.endPoint = SAMPLEAPP_ENDPOINT;
   \   00002F   7414         MOV     A,#0x14
   \   000031   90....       MOV     DPTR,#(SampleApp_Flash_DstAddr + 9)
   \   000034   F0           MOVX    @DPTR,A
    213              SampleApp_Flash_DstAddr.addr.shortAddr = SAMPLEAPP_FLASH_GROUP;
   \   000035   90....       MOV     DPTR,#SampleApp_Flash_DstAddr
   \   000038   7401         MOV     A,#0x1
   \   00003A   F0           MOVX    @DPTR,A
   \   00003B   A3           INC     DPTR
   \   00003C   E4           CLR     A
   \   00003D   F0           MOVX    @DPTR,A
    214            
    215              // Fill out the endpoint description.
    216              SampleApp_epDesc.endPoint = SAMPLEAPP_ENDPOINT;
   \   00003E   7414         MOV     A,#0x14
   \   000040   90....       MOV     DPTR,#SampleApp_epDesc
   \   000043   F0           MOVX    @DPTR,A
    217              SampleApp_epDesc.task_id = &SampleApp_TaskID;
   \   000044   90....       MOV     DPTR,#(SampleApp_epDesc + 1)
   \   000047   74..         MOV     A,#(SampleApp_TaskID & 0xff)
   \   000049   F0           MOVX    @DPTR,A
   \   00004A   A3           INC     DPTR
   \   00004B   74..         MOV     A,#((SampleApp_TaskID >> 8) & 0xff)
   \   00004D   F0           MOVX    @DPTR,A
    218              SampleApp_epDesc.simpleDesc
    219                        = (SimpleDescriptionFormat_t *)&SampleApp_SimpleDesc;
   \   00004E   90....       MOV     DPTR,#(SampleApp_epDesc + 3)
   \   000051   74..         MOV     A,#(SampleApp_SimpleDesc & 0xff)
   \   000053   F0           MOVX    @DPTR,A
   \   000054   A3           INC     DPTR
   \   000055   74..         MOV     A,#((SampleApp_SimpleDesc >> 8) & 0xff)
   \   000057   F0           MOVX    @DPTR,A
    220              SampleApp_epDesc.latencyReq = noLatencyReqs;
   \   000058   E4           CLR     A
   \   000059   90....       MOV     DPTR,#(SampleApp_epDesc + 5)
   \   00005C   F0           MOVX    @DPTR,A
    221            
    222              // Register the endpoint description with the AF
    223              afRegister( &SampleApp_epDesc );
   \   00005D                ; Setup parameters for call to function afRegister
   \   00005D   7A..         MOV     R2,#(SampleApp_epDesc & 0xff)
   \   00005F   7B..         MOV     R3,#((SampleApp_epDesc >> 8) & 0xff)
   \   000061   12....       LCALL   ??afRegister?relay
    224            
    225              // Register for all key events - This app will handle all key events
    226              RegisterForKeys( SampleApp_TaskID );
   \   000064                ; Setup parameters for call to function RegisterForKeys
   \   000064   90....       MOV     DPTR,#SampleApp_TaskID
   \   000067   E0           MOVX    A,@DPTR
   \   000068   F9           MOV     R1,A
   \   000069   12....       LCALL   ??RegisterForKeys?relay
    227              MT_UartRegisterTaskID( SampleApp_TaskID ); //add by 1305106
   \   00006C                ; Setup parameters for call to function MT_UartRegisterTaskID
   \   00006C   90....       MOV     DPTR,#SampleApp_TaskID
   \   00006F   E0           MOVX    A,@DPTR
   \   000070   F9           MOV     R1,A
   \   000071   12....       LCALL   ??MT_UartRegisterTaskID?relay
    228              
    229              // By default, all devices start out in Group 1
    230              SampleApp_Group.ID = 0x0001;
   \   000074   90....       MOV     DPTR,#SampleApp_Group
   \   000077   7401         MOV     A,#0x1
   \   000079   F0           MOVX    @DPTR,A
   \   00007A   A3           INC     DPTR
   \   00007B   E4           CLR     A
   \   00007C   F0           MOVX    @DPTR,A
    231              osal_memcpy( SampleApp_Group.name, "Group 1", 7  );
   \   00007D                ; Setup parameters for call to function osal_memcpy
   \   00007D   75....       MOV     ?V0 + 0,#(`?<Constant "Group 1">` & 0xff)
   \   000080   75....       MOV     ?V0 + 1,#((`?<Constant "Group 1">` >> 8) & 0xff)
   \   000083   F5..         MOV     ?V0 + 2,A
   \   000085   78..         MOV     R0,#?V0 + 0
   \   000087   12....       LCALL   ?PUSH_XSTACK_I_THREE
   \   00008A   7C07         MOV     R4,#0x7
   \   00008C   7D00         MOV     R5,#0x0
   \   00008E   7A..         MOV     R2,#((SampleApp_Group + 2) & 0xff)
   \   000090   7B..         MOV     R3,#(((SampleApp_Group + 2) >> 8) & 0xff)
   \   000092   12....       LCALL   ??osal_memcpy?relay
   \   000095   7403         MOV     A,#0x3
   \   000097   12....       LCALL   ?DEALLOC_XSTACK8
    232              aps_AddGroup( SAMPLEAPP_ENDPOINT, &SampleApp_Group );
   \   00009A                ; Setup parameters for call to function aps_AddGroup
   \   00009A   7A..         MOV     R2,#(SampleApp_Group & 0xff)
   \   00009C   7B..         MOV     R3,#((SampleApp_Group >> 8) & 0xff)
   \   00009E   7914         MOV     R1,#0x14
   \   0000A0   12....       LCALL   ??aps_AddGroup?relay
    233            
    234            #if defined ( LCD_SUPPORTED )
    235              HalLcdWriteString( "SampleApp", HAL_LCD_LINE_1 );
    236            #endif
    237          }
   \   0000A3   7F03         MOV     R7,#0x3
   \   0000A5   02....       LJMP    ?BANKED_LEAVE_XDATA
    238          
    239          /*********************************************************************
    240           * @fn      SampleApp_ProcessEvent
    241           *
    242           * @brief   Generic Application Task event processor.  This function
    243           *          is called to process all events for the task.  Events
    244           *          include timers, messages and any other user defined events.
    245           *
    246           * @param   task_id  - The OSAL assigned task ID.
    247           * @param   events - events to process.  This is a bit map and can
    248           *                   contain more than one event.
    249           *
    250           * @return  none
    251           */

   \                                 In  segment BANKED_CODE, align 1, keep-with-next
    252          uint16 SampleApp_ProcessEvent( uint8 task_id, uint16 events )
   \                     SampleApp_ProcessEvent:
    253          {
   \   000000   74F4         MOV     A,#-0xc
   \   000002   12....       LCALL   ?BANKED_ENTER_XDATA
   \   000005                ; Saved register size: 12
   \   000005                ; Auto size: 0
   \   000005   EA           MOV     A,R2
   \   000006   FE           MOV     R6,A
   \   000007   EB           MOV     A,R3
   \   000008   FF           MOV     R7,A
    254              afIncomingMSGPacket_t *MSGpkt;
    255              (void)task_id;  // Intentionally unreferenced parameter
    256              
    257              if ( events & SYS_EVENT_MSG )
   \   000009   7480         MOV     A,#-0x80
   \   00000B   5F           ANL     A,R7
   \   00000C   F9           MOV     R1,A
   \   00000D   E4           CLR     A
   \   00000E   7001         JNZ     ??SampleApp_ProcessEvent_0
   \   000010   E9           MOV     A,R1
   \                     ??SampleApp_ProcessEvent_0:
   \   000011   7003         JNZ     $+5
   \   000013   02....       LJMP    ??SampleApp_ProcessEvent_1 & 0xFFFF
    258              {
    259                  MSGpkt = (afIncomingMSGPacket_t *)osal_msg_receive( SampleApp_TaskID );
   \   000016                ; Setup parameters for call to function osal_msg_receive
   \   000016   8038         SJMP    ??SampleApp_ProcessEvent_2
    260                  while ( MSGpkt )
    261                  {
    262                      switch ( MSGpkt->hdr.event )
    263                      {
    264                        // Received when a key is pressed
    265                        case KEY_CHANGE:
    266                          SampleApp_HandleKeys( ((keyChange_t *)MSGpkt)->state, ((keyChange_t *)MSGpkt)->keys );
    267                          break;
    268                
    269                        // Received when a messages is received (OTA) for this endpoint
    270                        case AF_INCOMING_MSG_CMD:
    271                          SampleApp_MessageMSGCB( MSGpkt );
    272                          break;;
    273                
    274                        // Received whenever the device changes state in the network
    275                        case ZDO_STATE_CHANGE:
    276                          SampleApp_NwkState = (devStates_t)(MSGpkt->hdr.status);
   \                     ??SampleApp_ProcessEvent_3:
   \   000018   85..82       MOV     DPL,?V0 + 0
   \   00001B   85..83       MOV     DPH,?V0 + 1
   \   00001E   A3           INC     DPTR
   \   00001F   E0           MOVX    A,@DPTR
   \   000020   90....       MOV     DPTR,#SampleApp_NwkState
   \   000023   F0           MOVX    @DPTR,A
    277                          if ( (SampleApp_NwkState == DEV_ZB_COORD)
    278                              || (SampleApp_NwkState == DEV_ROUTER)
    279                              || (SampleApp_NwkState == DEV_END_DEVICE) )
   \   000024   6409         XRL     A,#0x9
   \   000026   600A         JZ      ??SampleApp_ProcessEvent_4
   \   000028   E0           MOVX    A,@DPTR
   \   000029   6407         XRL     A,#0x7
   \   00002B   6005         JZ      ??SampleApp_ProcessEvent_4
   \   00002D   E0           MOVX    A,@DPTR
   \   00002E   6406         XRL     A,#0x6
   \   000030   7017         JNZ     ??SampleApp_ProcessEvent_5
    280                          {
    281                            // Start sending the periodic message in a regular interval.
    282                            HalLedSet(HAL_LED_1, HAL_LED_MODE_ON);
   \                     ??SampleApp_ProcessEvent_4:
   \   000032                ; Setup parameters for call to function HalLedSet
   \   000032   7A01         MOV     R2,#0x1
   \   000034   7901         MOV     R1,#0x1
   \   000036   12....       LCALL   ??HalLedSet?relay
    283                            osal_start_timerEx( SampleApp_TaskID,
    284                                              SAMPLEAPP_SEND_PERIODIC_MSG_EVT,
    285                                              SAMPLEAPP_SEND_PERIODIC_MSG_TIMEOUT );
   \   000039                ; Setup parameters for call to function osal_start_timerEx
   \   000039   7C88         MOV     R4,#-0x78
   \   00003B   7D13         MOV     R5,#0x13
   \   00003D   7A01         MOV     R2,#0x1
   \   00003F   7B00         MOV     R3,#0x0
   \   000041   90....       MOV     DPTR,#SampleApp_TaskID
   \   000044   E0           MOVX    A,@DPTR
   \   000045   F9           MOV     R1,A
   \   000046   12....       LCALL   ??osal_start_timerEx?relay
    286                          }
    287                          else
    288                          {
    289                            // Device is no longer in the network
    290                          }
    291                          break;
    292                
    293                        default:
    294                          break;
    295                    }
    296                    osal_msg_deallocate( (uint8 *)MSGpkt );                                   // Release the memory
   \                     ??SampleApp_ProcessEvent_5:
   \   000049                ; Setup parameters for call to function osal_msg_deallocate
   \   000049   AA..         MOV     R2,?V0 + 0
   \   00004B   AB..         MOV     R3,?V0 + 1
   \   00004D   12....       LCALL   ??osal_msg_deallocate?relay
    297                    MSGpkt = (afIncomingMSGPacket_t *)osal_msg_receive( SampleApp_TaskID );   // Next - if one is available
   \   000050                ; Setup parameters for call to function osal_msg_receive
   \                     ??SampleApp_ProcessEvent_2:
   \   000050   90....       MOV     DPTR,#SampleApp_TaskID
   \   000053   E0           MOVX    A,@DPTR
   \   000054   F9           MOV     R1,A
   \   000055   12....       LCALL   ??osal_msg_receive?relay
   \   000058   8A..         MOV     ?V0 + 0,R2
   \   00005A   8B..         MOV     ?V0 + 1,R3
   \   00005C   E5..         MOV     A,?V0 + 0
   \   00005E   7002         JNZ     ??SampleApp_ProcessEvent_6
   \   000060   E5..         MOV     A,?V0 + 1
   \                     ??SampleApp_ProcessEvent_6:
   \   000062   603A         JZ      ??SampleApp_ProcessEvent_7
   \   000064   85..82       MOV     DPL,?V0 + 0
   \   000067   85..83       MOV     DPH,?V0 + 1
   \   00006A   E0           MOVX    A,@DPTR
   \   00006B   12....       LCALL   ?UC_SWITCH_SPARSE
   \                     `?<Jumptable for SampleApp_ProcessEvent>_0`:
   \   00006E   00           DB        0
   \   00006F   03           DB        3
   \   000070   1A           DB        26
   \   000071   ....         DW        ??SampleApp_ProcessEvent_8
   \   000073   C0           DB        192
   \   000074   ....         DW        ??SampleApp_ProcessEvent_9
   \   000076   D1           DB        209
   \   000077   ....         DW        ??SampleApp_ProcessEvent_3
   \   000079   ....         DW        ??SampleApp_ProcessEvent_5
   \                     ??SampleApp_ProcessEvent_9:
   \   00007B                ; Setup parameters for call to function SampleApp_HandleKeys
   \   00007B   85..82       MOV     DPL,?V0 + 0
   \   00007E   85..83       MOV     DPH,?V0 + 1
   \   000081   A3           INC     DPTR
   \   000082   A3           INC     DPTR
   \   000083   A3           INC     DPTR
   \   000084   E0           MOVX    A,@DPTR
   \   000085   FA           MOV     R2,A
   \   000086   85..82       MOV     DPL,?V0 + 0
   \   000089   85..83       MOV     DPH,?V0 + 1
   \   00008C   A3           INC     DPTR
   \   00008D   A3           INC     DPTR
   \   00008E   E0           MOVX    A,@DPTR
   \   00008F   F9           MOV     R1,A
   \   000090   12....       LCALL   ??SampleApp_HandleKeys?relay
   \   000093   80B4         SJMP    ??SampleApp_ProcessEvent_5
   \                     ??SampleApp_ProcessEvent_8:
   \   000095                ; Setup parameters for call to function SampleApp_MessageMSGCB
   \   000095   AA..         MOV     R2,?V0 + 0
   \   000097   AB..         MOV     R3,?V0 + 1
   \   000099   12....       LCALL   ??SampleApp_MessageMSGCB?relay
   \   00009C   80AB         SJMP    ??SampleApp_ProcessEvent_5
    298                }
    299            
    300                return (events ^ SYS_EVENT_MSG);    // return unprocessed events
   \                     ??SampleApp_ProcessEvent_7:
   \   00009E   EE           MOV     A,R6
   \   00009F   FA           MOV     R2,A
   \   0000A0   7480         MOV     A,#-0x80
   \   0000A2   6F           XRL     A,R7
   \                     ??SampleApp_ProcessEvent_10:
   \   0000A3   FB           MOV     R3,A
   \   0000A4   802F         SJMP    ??SampleApp_ProcessEvent_11
    301              }
    302            
    303              // Send a message out - This event is generated by a timer
    304              //  (setup in SampleApp_Init()).
    305              if ( events & SAMPLEAPP_SEND_PERIODIC_MSG_EVT )
   \                     ??SampleApp_ProcessEvent_1:
   \   0000A6   EE           MOV     A,R6
   \   0000A7   A2E0         MOV     C,0xE0 /* A   */.0
   \   0000A9   5026         JNC     ??SampleApp_ProcessEvent_12
    306              {
    307                SampleApp_SendPeriodicMessage();   // Send the periodic message
   \   0000AB                ; Setup parameters for call to function SampleApp_SendPeriodicMessage
   \   0000AB   12....       LCALL   ??SampleApp_SendPeriodicMessage?relay
    308                // Setup to send message again in normal period (+ a little jitter)
    309                osal_start_timerEx( SampleApp_TaskID, SAMPLEAPP_SEND_PERIODIC_MSG_EVT,
    310                    (SAMPLEAPP_SEND_PERIODIC_MSG_TIMEOUT + (osal_rand() & 0x00FF)) ); 
   \   0000AE                ; Setup parameters for call to function osal_rand
   \   0000AE   12....       LCALL   ??osal_rand?relay
   \   0000B1   8A..         MOV     ?V0 + 0,R2
   \   0000B3   A8..         MOV     R0,?V0 + 0
   \   0000B5                ; Setup parameters for call to function osal_start_timerEx
   \   0000B5   7488         MOV     A,#-0x78
   \   0000B7   28           ADD     A,R0
   \   0000B8   FC           MOV     R4,A
   \   0000B9   7413         MOV     A,#0x13
   \   0000BB   3400         ADDC    A,#0x0
   \   0000BD   FD           MOV     R5,A
   \   0000BE   7A01         MOV     R2,#0x1
   \   0000C0   7B00         MOV     R3,#0x0
   \   0000C2   90....       MOV     DPTR,#SampleApp_TaskID
   \   0000C5   E0           MOVX    A,@DPTR
   \   0000C6   F9           MOV     R1,A
   \   0000C7   12....       LCALL   ??osal_start_timerEx?relay
    311                return (events ^ SAMPLEAPP_SEND_PERIODIC_MSG_EVT);     // return unprocessed events
   \   0000CA   7401         MOV     A,#0x1
   \   0000CC   6E           XRL     A,R6
   \   0000CD   FA           MOV     R2,A
   \   0000CE   EF           MOV     A,R7
   \   0000CF   80D2         SJMP    ??SampleApp_ProcessEvent_10
    312              }
    313           
    314              return 0;   // Discard unknown events
   \                     ??SampleApp_ProcessEvent_12:
   \   0000D1   7A00         MOV     R2,#0x0
   \   0000D3   7B00         MOV     R3,#0x0
   \                     ??SampleApp_ProcessEvent_11:
   \   0000D5   7F04         MOV     R7,#0x4
   \   0000D7   02....       LJMP    ?BANKED_LEAVE_XDATA
    315          }
    316          
    317          /*********************************************************************
    318           * Event Generation Functions
    319           */
    320          /*********************************************************************
    321           * @fn      SampleApp_HandleKeys
    322           *
    323           * @brief   Handles all key events for this device.
    324           *
    325           * @param   shift - true if in shift/alt.
    326           * @param   keys - bit field for key events. Valid entries:
    327           *                 HAL_KEY_SW_2
    328           *                 HAL_KEY_SW_1
    329           *
    330           * @return  none
    331           */

   \                                 In  segment BANKED_CODE, align 1, keep-with-next
    332          void SampleApp_HandleKeys( uint8 shift, uint8 keys )
   \                     SampleApp_HandleKeys:
    333          {
   \   000000   74F6         MOV     A,#-0xa
   \   000002   12....       LCALL   ?BANKED_ENTER_XDATA
   \   000005                ; Saved register size: 10
   \   000005                ; Auto size: 0
   \   000005   EA           MOV     A,R2
   \   000006   FE           MOV     R6,A
    334              (void)shift;  // Intentionally unreferenced parameter
    335              
    336              if ( keys & HAL_KEY_SW_6 ) 
   \   000007   A2E5         MOV     C,0xE0 /* A   */.5
   \   000009   5007         JNC     ??SampleApp_HandleKeys_0
    337              {
    338                /* This key sends the Flash Command is sent to Group 1.
    339                 * This device will not receive the Flash Command from this
    340                 * device (even if it belongs to group 1).
    341                 */
    342                SampleApp_SendFlashMessage( SAMPLEAPP_FLASH_DURATION );
   \   00000B                ; Setup parameters for call to function SampleApp_SendFlashMessage
   \   00000B   7AE8         MOV     R2,#-0x18
   \   00000D   7B03         MOV     R3,#0x3
   \   00000F   12....       LCALL   ??SampleApp_SendFlashMessage?relay
    343              }
    344            
    345              if ( keys & HAL_KEY_SW_2 )
   \                     ??SampleApp_HandleKeys_0:
   \   000012   EE           MOV     A,R6
   \   000013   A2E1         MOV     C,0xE0 /* A   */.1
   \   000015   5023         JNC     ??SampleApp_HandleKeys_1
    346              {
    347                  /* The Flashr Command is sent to Group 1.
    348                   * This key toggles this device in and out of group 1.
    349                   * If this device doesn't belong to group 1, this application
    350                   * will not receive the Flash command sent to group 1.
    351                   */
    352                  aps_Group_t *grp;
    353                  grp = aps_FindGroup( SAMPLEAPP_ENDPOINT, SAMPLEAPP_FLASH_GROUP );
    354                  if ( grp )
   \   000017                ; Setup parameters for call to function aps_FindGroup
   \   000017   7A01         MOV     R2,#0x1
   \   000019   7B00         MOV     R3,#0x0
   \   00001B   7914         MOV     R1,#0x14
   \   00001D   12....       LCALL   ??aps_FindGroup?relay
   \   000020   EA           MOV     A,R2
   \   000021   7001         JNZ     ??SampleApp_HandleKeys_2
   \   000023   EB           MOV     A,R3
   \                     ??SampleApp_HandleKeys_2:
   \   000024   600B         JZ      ??SampleApp_HandleKeys_3
    355                  {
    356                    // Remove from the group
    357                    aps_RemoveGroup( SAMPLEAPP_ENDPOINT, SAMPLEAPP_FLASH_GROUP );
   \   000026                ; Setup parameters for call to function aps_RemoveGroup
   \   000026   7A01         MOV     R2,#0x1
   \   000028   7B00         MOV     R3,#0x0
   \   00002A   7914         MOV     R1,#0x14
   \   00002C   12....       LCALL   ??aps_RemoveGroup?relay
   \   00002F   8009         SJMP    ??SampleApp_HandleKeys_1
    358                  }
    359                  else
    360                  {
    361                    // Add to the flash group
    362                    aps_AddGroup( SAMPLEAPP_ENDPOINT, &SampleApp_Group );
   \                     ??SampleApp_HandleKeys_3:
   \   000031                ; Setup parameters for call to function aps_AddGroup
   \   000031   7A..         MOV     R2,#(SampleApp_Group & 0xff)
   \   000033   7B..         MOV     R3,#((SampleApp_Group >> 8) & 0xff)
   \   000035   7914         MOV     R1,#0x14
   \   000037   12....       LCALL   ??aps_AddGroup?relay
    363                  }
    364              }
    365          }
   \                     ??SampleApp_HandleKeys_1:
   \   00003A   80..         SJMP    ??Subroutine2_0

   \                                 In  segment BANKED_CODE, align 1, keep-with-next
   \                     ??Subroutine2_0:
   \   000000   7F02         MOV     R7,#0x2
   \   000002   02....       LJMP    ?BANKED_LEAVE_XDATA
    366          
    367          /*********************************************************************
    368           * LOCAL FUNCTIONS
    369           */
    370          
    371          /*********************************************************************
    372           * @fn      SampleApp_MessageMSGCB
    373           *
    374           * @brief   Data message processor callback.  This function processes
    375           *          any incoming data - probably from other devices.  So, based
    376           *          on cluster ID, perform the intended action.
    377           *
    378           * @param   none
    379           *
    380           * @return  none
    381           */

   \                                 In  segment BANKED_CODE, align 1, keep-with-next
    382          void SampleApp_MessageMSGCB( afIncomingMSGPacket_t *pkt )
   \                     SampleApp_MessageMSGCB:
    383          {
   \   000000   74F6         MOV     A,#-0xa
   \   000002   12....       LCALL   ?BANKED_ENTER_XDATA
   \   000005                ; Saved register size: 10
   \   000005                ; Auto size: 0
    384              uint16 flashTime;
    385              unsigned char *buf;
    386            
    387              switch ( pkt->clusterId )
   \   000005   8A82         MOV     DPL,R2
   \   000007   8B83         MOV     DPH,R3
   \   000009   A3           INC     DPTR
   \   00000A   A3           INC     DPTR
   \   00000B   A3           INC     DPTR
   \   00000C   A3           INC     DPTR
   \   00000D   E0           MOVX    A,@DPTR
   \   00000E   F5..         MOV     ?V0 + 0,A
   \   000010   A3           INC     DPTR
   \   000011   E0           MOVX    A,@DPTR
   \   000012   F5..         MOV     ?V0 + 1,A
   \   000014   78..         MOV     R0,#?V0 + 0
   \   000016   12....       LCALL   ?US_SWITCH_DENSE
   \                     `?<Jumptable for SampleApp_MessageMSGCB>_0`:
   \   000019   0100         DW        1
   \   00001B   01           DB        1
   \   00001C   ....         DW        ??SampleApp_MessageMSGCB_0
   \   00001E   ....         DW        ??SampleApp_MessageMSGCB_1
   \   000020   ....         DW        ??SampleApp_MessageMSGCB_2
    388              {
    389                  case SAMPLEAPP_PERIODIC_CLUSTERID:
    390                    buf = pkt->cmd.Data;
    391                    HalUARTWrite(0, buf, 8);
   \                     ??SampleApp_MessageMSGCB_1:
   \   000022                ; Setup parameters for call to function HalUARTWrite
   \   000022   7C08         MOV     R4,#0x8
   \   000024   7D00         MOV     R5,#0x0
   \   000026   12....       LCALL   ?Subroutine0 & 0xFFFF
   \                     ??CrossCallReturnLabel_0:
   \   000029   FA           MOV     R2,A
   \   00002A   A3           INC     DPTR
   \   00002B   E0           MOVX    A,@DPTR
   \   00002C   FB           MOV     R3,A
   \   00002D   7900         MOV     R1,#0x0
   \   00002F   12....       LCALL   ??HalUARTWrite?relay
    392                    HalUARTWrite(0,"\r\n", 2);
   \   000032                ; Setup parameters for call to function HalUARTWrite
   \   000032   7C02         MOV     R4,#0x2
   \   000034   7D00         MOV     R5,#0x0
   \   000036   7A..         MOV     R2,#(`?<Constant "\\r\\n">` & 0xff)
   \   000038   7B..         MOV     R3,#((`?<Constant "\\r\\n">` >> 8) & 0xff)
   \   00003A   7900         MOV     R1,#0x0
   \   00003C   12....       LCALL   ??HalUARTWrite?relay
   \   00003F   8030         SJMP    ??SampleApp_MessageMSGCB_0
    393                    break;
    394              
    395                  case SAMPLEAPP_FLASH_CLUSTERID:
    396                    flashTime = BUILD_UINT16(pkt->cmd.Data[1], pkt->cmd.Data[2] );
    397                    HalLedBlink( HAL_LED_4, 4, 50, (flashTime / 4) );
   \                     ??SampleApp_MessageMSGCB_2:
   \   000041   12....       LCALL   ?Subroutine0 & 0xFFFF
    398                    break;
    399              }
   \                     ??CrossCallReturnLabel_1:
   \   000044   F8           MOV     R0,A
   \   000045   A3           INC     DPTR
   \   000046   E0           MOVX    A,@DPTR
   \   000047   F9           MOV     R1,A
   \   000048                ; Setup parameters for call to function HalLedBlink
   \   000048   8882         MOV     DPL,R0
   \   00004A   8983         MOV     DPH,R1
   \   00004C   A3           INC     DPTR
   \   00004D   E0           MOVX    A,@DPTR
   \   00004E   FA           MOV     R2,A
   \   00004F   8882         MOV     DPL,R0
   \   000051   8983         MOV     DPH,R1
   \   000053   A3           INC     DPTR
   \   000054   A3           INC     DPTR
   \   000055   E0           MOVX    A,@DPTR
   \   000056   F9           MOV     R1,A
   \   000057   EA           MOV     A,R2
   \   000058   F5..         MOV     ?V0 + 0,A
   \   00005A   E9           MOV     A,R1
   \   00005B   F5..         MOV     ?V0 + 1,A
   \   00005D   7402         MOV     A,#0x2
   \   00005F   78..         MOV     R0,#?V0 + 0
   \   000061   12....       LCALL   ?US_SHR
   \   000064   AC..         MOV     R4,?V0 + 0
   \   000066   AD..         MOV     R5,?V0 + 1
   \   000068   7B32         MOV     R3,#0x32
   \   00006A   7A04         MOV     R2,#0x4
   \   00006C   7908         MOV     R1,#0x8
   \   00006E   12....       LCALL   ??HalLedBlink?relay
    400          }
   \                     ??SampleApp_MessageMSGCB_0:
   \   000071   80..         SJMP    ??Subroutine2_0

   \                                 In  segment BANKED_CODE, align 1, keep-with-next
   \                     ?Subroutine0:
   \   000000   EA           MOV     A,R2
   \   000001   2421         ADD     A,#0x21
   \   000003   F582         MOV     DPL,A
   \   000005   EB           MOV     A,R3
   \   000006   3400         ADDC    A,#0x0
   \   000008   F583         MOV     DPH,A
   \   00000A   E0           MOVX    A,@DPTR
   \   00000B   22           RET
    401          
    402          /*********************************************************************
    403           * @fn      SampleApp_SendPeriodicMessage
    404           *
    405           * @brief   Send the periodic message.
    406           *
    407           * @param   none
    408           *
    409           * @return  none
    410           */

   \                                 In  segment BANKED_CODE, align 1, keep-with-next
   \                     ?Subroutine1:
   \   000000   12....       LCALL   ?DEALLOC_XSTACK8
   \   000003                REQUIRE ??Subroutine2_0
   \   000003                ; // Fall through to label ??Subroutine2_0

   \                                 In  segment BANKED_CODE, align 1, keep-with-next
    411          void SampleApp_SendPeriodicMessage( void )
   \                     SampleApp_SendPeriodicMessage:
    412          {
   \   000000   74F6         MOV     A,#-0xa
   \   000002   12....       LCALL   ?BANKED_ENTER_XDATA
   \   000005                ; Saved register size: 10
   \   000005                ; Auto size: 9
   \   000005   74F7         MOV     A,#-0x9
   \   000007   12....       LCALL   ?ALLOC_XSTACK8
    413              char buf[]="~HELLO!~";
   \   00000A   85..82       MOV     DPL,?XSP + 0
   \   00000D   85..83       MOV     DPH,?XSP + 1
   \   000010   AC82         MOV     R4,DPL
   \   000012   AD83         MOV     R5,DPH
   \   000014   7583..       MOV     DPH,#((`?<Constant "~HELLO!~">` >> 8) & 0xff)
   \   000017   7582..       MOV     DPL,#(`?<Constant "~HELLO!~">` & 0xff)
   \   00001A   7409         MOV     A,#0x9
   \   00001C   12....       LCALL   ?MOVE_LONG8_XDATA_XDATA
    414              AF_DataRequest( &SampleApp_Periodic_DstAddr, &SampleApp_epDesc,
    415                                 SAMPLEAPP_PERIODIC_CLUSTERID,
    416                                 8,
    417                                 (unsigned char*)buf,
    418                                 &SampleApp_TransID,
    419                                 AF_DISCV_ROUTE,
    420                                 AF_DEFAULT_RADIUS );
   \   00001F                ; Setup parameters for call to function AF_DataRequest
   \   00001F   75..1E       MOV     ?V0 + 0,#0x1e
   \   000022   78..         MOV     R0,#?V0 + 0
   \   000024   12....       LCALL   ?PUSH_XSTACK_I_ONE
   \   000027   75....       MOV     ?V0 + 0,#(SampleApp_TransID & 0xff)
   \   00002A   75....       MOV     ?V0 + 1,#((SampleApp_TransID >> 8) & 0xff)
   \   00002D   78..         MOV     R0,#?V0 + 0
   \   00002F   12....       LCALL   ?PUSH_XSTACK_I_TWO
   \   000032   7403         MOV     A,#0x3
   \   000034   12....       LCALL   ?XSTACK_DISP0_8
   \   000037   8582..       MOV     ?V0 + 0,DPL
   \   00003A   8583..       MOV     ?V0 + 1,DPH
   \   00003D   78..         MOV     R0,#?V0 + 0
   \   00003F   12....       LCALL   ?PUSH_XSTACK_I_TWO
   \   000042   75..08       MOV     ?V0 + 0,#0x8
   \   000045   75..00       MOV     ?V0 + 1,#0x0
   \   000048   78..         MOV     R0,#?V0 + 0
   \   00004A   12....       LCALL   ?PUSH_XSTACK_I_TWO
   \   00004D   75..01       MOV     ?V0 + 0,#0x1
   \   000050   78..         MOV     R0,#?V0 + 0
   \   000052   12....       LCALL   ?PUSH_XSTACK_I_TWO
   \   000055   7920         MOV     R1,#0x20
   \   000057   7C..         MOV     R4,#(SampleApp_epDesc & 0xff)
   \   000059   7D..         MOV     R5,#((SampleApp_epDesc >> 8) & 0xff)
   \   00005B   7A..         MOV     R2,#(SampleApp_Periodic_DstAddr & 0xff)
   \   00005D   7B..         MOV     R3,#((SampleApp_Periodic_DstAddr >> 8) & 0xff)
   \   00005F   12....       LCALL   ??AF_DataRequest?relay
   \   000062   7409         MOV     A,#0x9
   \   000064   12....       LCALL   ?DEALLOC_XSTACK8
    421          }
   \   000067   7409         MOV     A,#0x9
   \   000069   02....       LJMP    ?Subroutine1 & 0xFFFF
    422          
    423          /*********************************************************************
    424           * @fn      SampleApp_SendFlashMessage
    425           *
    426           * @brief   Send the flash message to group 1.
    427           *
    428           * @param   flashTime - in milliseconds
    429           *
    430           * @return  none
    431           */

   \                                 In  segment BANKED_CODE, align 1, keep-with-next
    432          void SampleApp_SendFlashMessage( uint16 flashTime )
   \                     SampleApp_SendFlashMessage:
    433          {
   \   000000   74F6         MOV     A,#-0xa
   \   000002   12....       LCALL   ?BANKED_ENTER_XDATA
   \   000005                ; Saved register size: 10
   \   000005                ; Auto size: 3
   \   000005   74FD         MOV     A,#-0x3
   \   000007   12....       LCALL   ?ALLOC_XSTACK8
    434              uint8 buffer[3];
    435              buffer[0] = (uint8)(SampleAppFlashCounter++);
   \   00000A   90....       MOV     DPTR,#SampleAppFlashCounter
   \   00000D   E0           MOVX    A,@DPTR
   \   00000E   85..82       MOV     DPL,?XSP + 0
   \   000011   85..83       MOV     DPH,?XSP + 1
   \   000014   F0           MOVX    @DPTR,A
   \   000015   90....       MOV     DPTR,#SampleAppFlashCounter
   \   000018   E0           MOVX    A,@DPTR
   \   000019   04           INC     A
   \   00001A   F0           MOVX    @DPTR,A
    436              buffer[1] = LO_UINT16( flashTime );
   \   00001B   7401         MOV     A,#0x1
   \   00001D   12....       LCALL   ?XSTACK_DISP0_8
   \   000020   EA           MOV     A,R2
   \   000021   F0           MOVX    @DPTR,A
    437              buffer[2] = HI_UINT16( flashTime );
   \   000022   7402         MOV     A,#0x2
   \   000024   12....       LCALL   ?XSTACK_DISP0_8
   \   000027   EB           MOV     A,R3
   \   000028   F0           MOVX    @DPTR,A
    438            
    439              if ( AF_DataRequest( &SampleApp_Flash_DstAddr, &SampleApp_epDesc,
    440                                   SAMPLEAPP_FLASH_CLUSTERID,
    441                                   3,
    442                                   buffer,
    443                                   &SampleApp_TransID,
    444                                   AF_DISCV_ROUTE,
    445                                   AF_DEFAULT_RADIUS ) == afStatus_SUCCESS )
   \   000029                ; Setup parameters for call to function AF_DataRequest
   \   000029   75..1E       MOV     ?V0 + 0,#0x1e
   \   00002C   78..         MOV     R0,#?V0 + 0
   \   00002E   12....       LCALL   ?PUSH_XSTACK_I_ONE
   \   000031   75....       MOV     ?V0 + 0,#(SampleApp_TransID & 0xff)
   \   000034   75....       MOV     ?V0 + 1,#((SampleApp_TransID >> 8) & 0xff)
   \   000037   78..         MOV     R0,#?V0 + 0
   \   000039   12....       LCALL   ?PUSH_XSTACK_I_TWO
   \   00003C   7403         MOV     A,#0x3
   \   00003E   12....       LCALL   ?XSTACK_DISP0_8
   \   000041   8582..       MOV     ?V0 + 0,DPL
   \   000044   8583..       MOV     ?V0 + 1,DPH
   \   000047   78..         MOV     R0,#?V0 + 0
   \   000049   12....       LCALL   ?PUSH_XSTACK_I_TWO
   \   00004C   75..03       MOV     ?V0 + 0,#0x3
   \   00004F   75..00       MOV     ?V0 + 1,#0x0
   \   000052   78..         MOV     R0,#?V0 + 0
   \   000054   12....       LCALL   ?PUSH_XSTACK_I_TWO
   \   000057   75..02       MOV     ?V0 + 0,#0x2
   \   00005A   78..         MOV     R0,#?V0 + 0
   \   00005C   12....       LCALL   ?PUSH_XSTACK_I_TWO
   \   00005F   7920         MOV     R1,#0x20
   \   000061   7C..         MOV     R4,#(SampleApp_epDesc & 0xff)
   \   000063   7D..         MOV     R5,#((SampleApp_epDesc >> 8) & 0xff)
   \   000065   7A..         MOV     R2,#(SampleApp_Flash_DstAddr & 0xff)
   \   000067   7B..         MOV     R3,#((SampleApp_Flash_DstAddr >> 8) & 0xff)
   \   000069   12....       LCALL   ??AF_DataRequest?relay
   \   00006C   7409         MOV     A,#0x9
   \   00006E   12....       LCALL   ?DEALLOC_XSTACK8
    446              {
    447              }
    448              else
    449              {
    450                // Error occurred in request to send.
    451              }
    452          }
   \   000071   7403         MOV     A,#0x3
   \   000073   02....       LJMP    ?Subroutine1 & 0xFFFF

   \                                 In  segment BANK_RELAYS, align 1
   \                     ??SampleApp_Init?relay:
   \   000000   12....       LCALL   ?BDISPATCH
   \   000003   ......       DC24    SampleApp_Init

   \                                 In  segment BANK_RELAYS, align 1
   \                     ??SampleApp_ProcessEvent?relay:
   \   000000   12....       LCALL   ?BDISPATCH
   \   000003   ......       DC24    SampleApp_ProcessEvent

   \                                 In  segment BANK_RELAYS, align 1
   \                     ??SampleApp_HandleKeys?relay:
   \   000000   12....       LCALL   ?BDISPATCH
   \   000003   ......       DC24    SampleApp_HandleKeys

   \                                 In  segment BANK_RELAYS, align 1
   \                     ??SampleApp_MessageMSGCB?relay:
   \   000000   12....       LCALL   ?BDISPATCH
   \   000003   ......       DC24    SampleApp_MessageMSGCB

   \                                 In  segment BANK_RELAYS, align 1
   \                     ??SampleApp_SendPeriodicMessage?relay:
   \   000000   12....       LCALL   ?BDISPATCH
   \   000003   ......       DC24    SampleApp_SendPeriodicMessage

   \                                 In  segment BANK_RELAYS, align 1
   \                     ??SampleApp_SendFlashMessage?relay:
   \   000000   12....       LCALL   ?BDISPATCH
   \   000003   ......       DC24    SampleApp_SendFlashMessage

   \                                 In  segment XDATA_ROM_C, align 1
   \                     `?<Constant "Group 1">`:
   \   000000   47726F75     DB "Group 1"
   \            70203100

   \                                 In  segment XDATA_ROM_C, align 1
   \                     `?<Constant "\\r\\n">`:
   \   000000   0D0A00       DB "\015\012"

   \                                 In  segment XDATA_ROM_C, align 1
   \                     `?<Constant "~HELLO!~">`:
   \   000000   7E48454C     DB "~HELLO!~"
   \            4C4F217E
   \            00      
    453          /*********************************************************************
    454          *********************************************************************/

   Maximum stack usage in bytes:

     Function                       ISTACK PSTACK XSTACK
     --------                       ------ ------ ------
     SampleApp_HandleKeys               0      0     22
       -> SampleApp_SendFlashMessage
                                        0      0     20
       -> aps_FindGroup                 0      0     20
       -> aps_RemoveGroup               0      0     20
       -> aps_AddGroup                  0      0     20
     SampleApp_Init                     0      0     14
       -> afRegister                    0      0     22
       -> RegisterForKeys               0      0     22
       -> MT_UartRegisterTaskID         0      0     22
       -> osal_memcpy                   0      0     28
       -> aps_AddGroup                  0      0     22
     SampleApp_MessageMSGCB             0      0     22
       -> HalUARTWrite                  0      0     20
       -> HalUARTWrite                  0      0     20
       -> HalLedBlink                   0      0     20
     SampleApp_ProcessEvent             0      0     12
       -> osal_msg_receive              0      0     24
       -> HalLedSet                     0      0     24
       -> osal_start_timerEx            0      0     24
       -> osal_msg_deallocate           0      0     24
       -> osal_msg_receive              0      0     24
       -> SampleApp_HandleKeys          0      0     24
       -> SampleApp_MessageMSGCB        0      0     24
       -> SampleApp_SendPeriodicMessage
                                        0      0     24
       -> osal_rand                     0      0     24
       -> osal_start_timerEx            0      0     24
     SampleApp_SendFlashMessage         1      0     32
       -> AF_DataRequest                0      0     44
     SampleApp_SendPeriodicMessage      2      0     40
       -> AF_DataRequest                0      0     56


   Segment part sizes:

     Function/Label                        Bytes
     --------------                        -----
     SampleApp_ClusterList                    4
     SampleApp_SimpleDesc                    12
     SampleApp_epDesc                         6
     SampleApp_TaskID                         1
     SampleApp_NwkState                       1
     SampleApp_TransID                        1
     SampleApp_Periodic_DstAddr              12
     SampleApp_Flash_DstAddr                 12
     SampleApp_Group                         18
     SampleAppPeriodicCounter                 1
     SampleAppFlashCounter                    1
     SampleApp_Init                         168
     SampleApp_ProcessEvent                 218
     SampleApp_HandleKeys                    60
     ??Subroutine2_0                          5
     SampleApp_MessageMSGCB                 115
     ?Subroutine0                            12
     ?Subroutine1                             3
     SampleApp_SendPeriodicMessage          108
     SampleApp_SendFlashMessage             118
     ??SampleApp_Init?relay                   6
     ??SampleApp_ProcessEvent?relay           6
     ??SampleApp_HandleKeys?relay             6
     ??SampleApp_MessageMSGCB?relay           6
     ??SampleApp_SendPeriodicMessage?relay    6
     ??SampleApp_SendFlashMessage?relay       6
     ?<Constant "Group 1">                    8
     ?<Constant "\r\n">                       3
     ?<Constant "~HELLO!~">                   9

 
 807 bytes in segment BANKED_CODE
  36 bytes in segment BANK_RELAYS
  36 bytes in segment XDATA_ROM_C
  53 bytes in segment XDATA_Z
 
 843 bytes of CODE  memory
  36 bytes of CONST memory
  53 bytes of XDATA memory

Errors: none
Warnings: none
